{"/Users/chuaa/Desktop/NFR/peerprep-g03/frontend/app/config.ts": {"path":"/Users/chuaa/Desktop/NFR/peerprep-g03/frontend/app/config.ts","statementMap":{"0":{"start":{"line":1,"column":13},"end":{"line":1,"column":57}},"1":{"start":{"line":2,"column":13},"end":{"line":2,"column":65}},"2":{"start":{"line":4,"column":13},"end":{"line":10,"column":2}}},"fnMap":{},"branchMap":{},"s":{"0":1,"1":1,"2":1},"f":{},"b":{}}
,"/Users/chuaa/Desktop/NFR/peerprep-g03/frontend/app/constant.ts": {"path":"/Users/chuaa/Desktop/NFR/peerprep-g03/frontend/app/constant.ts","statementMap":{"0":{"start":{"line":1,"column":13},"end":{"line":1,"column":44}},"1":{"start":{"line":3,"column":13},"end":{"line":3,"column":68}}},"fnMap":{},"branchMap":{},"s":{"0":0,"1":0},"f":{},"b":{}}
,"/Users/chuaa/Desktop/NFR/peerprep-g03/frontend/app/routes.ts": {"path":"/Users/chuaa/Desktop/NFR/peerprep-g03/frontend/app/routes.ts","statementMap":{"0":{"start":{"line":1,"column":0},"end":{"line":1,"column":74}},"1":{"start":{"line":3,"column":0},"end":{"line":11,"column":24}}},"fnMap":{},"branchMap":{},"s":{"0":0,"1":0},"f":{},"b":{}}
,"/Users/chuaa/Desktop/NFR/peerprep-g03/frontend/app/components/common/ProtectedRoute.tsx": {"path":"/Users/chuaa/Desktop/NFR/peerprep-g03/frontend/app/components/common/ProtectedRoute.tsx","statementMap":{"0":{"start":{"line":5,"column":0},"end":{"line":5,"column":24}},"1":{"start":{"line":1,"column":0},"end":{"line":1,"column":28}},"2":{"start":{"line":3,"column":0},"end":{"line":3,"column":40}},"3":{"start":{"line":4,"column":0},"end":{"line":4,"column":49}},"4":{"start":{"line":6,"column":10},"end":{"line":6,"column":null}},"5":{"start":{"line":10,"column":49},"end":{"line":10,"column":58}},"6":{"start":{"line":10,"column":25},"end":{"line":10,"column":27}},"7":{"start":{"line":10,"column":44},"end":{"line":10,"column":49}},"8":{"start":{"line":12,"column":2},"end":{"line":27,"column":3}},"9":{"start":{"line":13,"column":4},"end":{"line":26,"column":6}},"10":{"start":{"line":29,"column":2},"end":{"line":29,"column":78}}},"fnMap":{"0":{"name":"ProtectedRoute","decl":{"start":{"line":5,"column":24},"end":{"line":5,"column":38}},"loc":{"start":{"line":9,"column":1},"end":{"line":30,"column":1}}}},"branchMap":{"0":{"loc":{"start":{"line":12,"column":2},"end":{"line":27,"column":3}},"type":"if","locations":[{"start":{"line":12,"column":2},"end":{"line":27,"column":3}}]},"1":{"loc":{"start":{"line":29,"column":9},"end":{"line":29,"column":77}},"type":"cond-expr","locations":[{"start":{"line":29,"column":27},"end":{"line":29,"column":42}},{"start":{"line":29,"column":45},"end":{"line":29,"column":77}}]}},"s":{"0":0,"1":0,"2":0,"3":0,"4":0,"5":0,"6":0,"7":0,"8":0,"9":0,"10":0},"f":{"0":0},"b":{"0":[0],"1":[0,0]}}
,"/Users/chuaa/Desktop/NFR/peerprep-g03/frontend/app/components/common/navigation/NavigationBar.tsx": {"path":"/Users/chuaa/Desktop/NFR/peerprep-g03/frontend/app/components/common/navigation/NavigationBar.tsx","statementMap":{"0":{"start":{"line":11,"column":0},"end":{"line":11,"column":24}},"1":{"start":{"line":1,"column":0},"end":{"line":1,"column":49}},"2":{"start":{"line":2,"column":0},"end":{"line":2,"column":65}},"3":{"start":{"line":3,"column":0},"end":{"line":3,"column":56}},"4":{"start":{"line":4,"column":0},"end":{"line":4,"column":38}},"5":{"start":{"line":5,"column":0},"end":{"line":5,"column":49}},"6":{"start":{"line":6,"column":0},"end":{"line":6,"column":46}},"7":{"start":{"line":8,"column":19},"end":{"line":8,"column":26}},"8":{"start":{"line":9,"column":18},"end":{"line":9,"column":29}},"9":{"start":{"line":12,"column":42},"end":{"line":12,"column":51}},"10":{"start":{"line":12,"column":25},"end":{"line":12,"column":27}},"11":{"start":{"line":12,"column":37},"end":{"line":12,"column":42}},"12":{"start":{"line":13,"column":19},"end":{"line":13,"column":32}},"13":{"start":{"line":14,"column":19},"end":{"line":14,"column":32}},"14":{"start":{"line":16,"column":23},"end":{"line":16,"column":46}},"15":{"start":{"line":18,"column":4},"end":{"line":18,"column":64}},"16":{"start":{"line":20,"column":23},"end":{"line":23,"column":3}},"17":{"start":{"line":21,"column":4},"end":{"line":21,"column":17}},"18":{"start":{"line":22,"column":4},"end":{"line":22,"column":23}},"19":{"start":{"line":25,"column":22},"end":{"line":27,"column":3}},"20":{"start":{"line":26,"column":4},"end":{"line":26,"column":25}},"21":{"start":{"line":29,"column":2},"end":{"line":82,"column":4}},"22":{"start":{"line":60,"column":14},"end":{"line":61,"column":null}},"23":{"start":{"line":64,"column":14},"end":{"line":65,"column":null}}},"fnMap":{"0":{"name":"NavigationBar","decl":{"start":{"line":11,"column":24},"end":{"line":11,"column":37}},"loc":{"start":{"line":11,"column":37},"end":{"line":83,"column":1}}},"1":{"name":"(anonymous_2)","decl":{"start":{"line":20,"column":23},"end":{"line":20,"column":null}},"loc":{"start":{"line":20,"column":23},"end":{"line":23,"column":3}}},"2":{"name":"(anonymous_3)","decl":{"start":{"line":25,"column":22},"end":{"line":25,"column":null}},"loc":{"start":{"line":25,"column":22},"end":{"line":27,"column":3}}},"3":{"name":"(anonymous_4)","decl":{"start":{"line":59,"column":26},"end":{"line":59,"column":27}},"loc":{"start":{"line":59,"column":28},"end":{"line":60,"column":15}}},"4":{"name":"(anonymous_5)","decl":{"start":{"line":63,"column":26},"end":{"line":63,"column":27}},"loc":{"start":{"line":63,"column":28},"end":{"line":64,"column":15}}}},"branchMap":{"0":{"loc":{"start":{"line":18,"column":4},"end":{"line":18,"column":64}},"type":"binary-expr","locations":[{"start":{"line":18,"column":4},"end":{"line":18,"column":44}},{"start":{"line":18,"column":48},"end":{"line":18,"column":64}}]},"1":{"loc":{"start":{"line":42,"column":9},"end":{"line":42,"column":46}},"type":"binary-expr","locations":[{"start":{"line":42,"column":9},"end":{"line":42,"column":24}},{"start":{"line":42,"column":28},"end":{"line":42,"column":46}}]},"2":{"loc":{"start":{"line":45,"column":7},"end":{"line":79,"column":null}},"type":"binary-expr","locations":[{"start":{"line":45,"column":7},"end":{"line":45,"column":22}},{"start":{"line":46,"column":8},"end":{"line":78,"column":null}}]}},"s":{"0":0,"1":0,"2":0,"3":0,"4":0,"5":0,"6":0,"7":0,"8":0,"9":0,"10":0,"11":0,"12":0,"13":0,"14":0,"15":0,"16":0,"17":0,"18":0,"19":0,"20":0,"21":0,"22":0,"23":0},"f":{"0":0,"1":0,"2":0,"3":0,"4":0},"b":{"0":[0,0],"1":[0,0],"2":[0,0]}}
,"/Users/chuaa/Desktop/NFR/peerprep-g03/frontend/app/components/common/navigation/NavigationMenu.tsx": {"path":"/Users/chuaa/Desktop/NFR/peerprep-g03/frontend/app/components/common/navigation/NavigationMenu.tsx","statementMap":{"0":{"start":{"line":10,"column":0},"end":{"line":10,"column":24}},"1":{"start":{"line":1,"column":0},"end":{"line":1,"column":28}},"2":{"start":{"line":2,"column":0},"end":{"line":2,"column":36}},"3":{"start":{"line":4,"column":18},"end":{"line":8,"column":2}},"4":{"start":{"line":11,"column":2},"end":{"line":19,"column":4}}},"fnMap":{"0":{"name":"NavigationMenu","decl":{"start":{"line":10,"column":24},"end":{"line":10,"column":38}},"loc":{"start":{"line":10,"column":38},"end":{"line":20,"column":1}}}},"branchMap":{},"s":{"0":0,"1":0,"2":0,"3":0,"4":0},"f":{"0":0},"b":{}}
,"/Users/chuaa/Desktop/NFR/peerprep-g03/frontend/app/components/questions/QuestionModal.tsx": {"path":"/Users/chuaa/Desktop/NFR/peerprep-g03/frontend/app/components/questions/QuestionModal.tsx","statementMap":{"0":{"start":{"line":16,"column":0},"end":{"line":16,"column":24}},"1":{"start":{"line":1,"column":0},"end":{"line":1,"column":58}},"2":{"start":{"line":2,"column":0},"end":{"line":2,"column":34}},"3":{"start":{"line":6,"column":19},"end":{"line":6,"column":26}},"4":{"start":{"line":17,"column":6},"end":{"line":17,"column":null}},"5":{"start":{"line":18,"column":9},"end":{"line":18,"column":null}},"6":{"start":{"line":19,"column":8},"end":{"line":19,"column":null}},"7":{"start":{"line":20,"column":10},"end":{"line":20,"column":null}},"8":{"start":{"line":21,"column":12},"end":{"line":21,"column":null}},"9":{"start":{"line":23,"column":17},"end":{"line":23,"column":32}},"10":{"start":{"line":25,"column":2},"end":{"line":31,"column":29}},"11":{"start":{"line":26,"column":4},"end":{"line":30,"column":5}},"12":{"start":{"line":27,"column":6},"end":{"line":27,"column":36}},"13":{"start":{"line":28,"column":11},"end":{"line":30,"column":5}},"14":{"start":{"line":29,"column":6},"end":{"line":29,"column":25}},"15":{"start":{"line":33,"column":23},"end":{"line":38,"column":3}},"16":{"start":{"line":34,"column":4},"end":{"line":37,"column":7}},"17":{"start":{"line":35,"column":6},"end":{"line":35,"column":73}},"18":{"start":{"line":36,"column":6},"end":{"line":36,"column":16}},"19":{"start":{"line":40,"column":2},"end":{"line":98,"column":4}},"20":{"start":{"line":81,"column":50},"end":{"line":81,"column":72}}},"fnMap":{"0":{"name":"QuestionModal","decl":{"start":{"line":16,"column":24},"end":{"line":16,"column":37}},"loc":{"start":{"line":22,"column":8},"end":{"line":99,"column":1}}},"1":{"name":"(anonymous_3)","decl":{"start":{"line":25,"column":12},"end":{"line":25,"column":null}},"loc":{"start":{"line":25,"column":12},"end":{"line":31,"column":3}}},"2":{"name":"(anonymous_4)","decl":{"start":{"line":33,"column":23},"end":{"line":33,"column":null}},"loc":{"start":{"line":33,"column":23},"end":{"line":38,"column":3}}},"3":{"name":"(anonymous_5)","decl":{"start":{"line":34,"column":31},"end":{"line":34,"column":32}},"loc":{"start":{"line":34,"column":38},"end":{"line":37,"column":5}}},"4":{"name":"(anonymous_6)","decl":{"start":{"line":81,"column":36},"end":{"line":81,"column":37}},"loc":{"start":{"line":81,"column":45},"end":{"line":81,"column":51}}}},"branchMap":{"0":{"loc":{"start":{"line":26,"column":4},"end":{"line":30,"column":5}},"type":"if","locations":[{"start":{"line":26,"column":4},"end":{"line":30,"column":5}},{"start":{"line":28,"column":11},"end":{"line":30,"column":5}}]},"1":{"loc":{"start":{"line":28,"column":11},"end":{"line":30,"column":5}},"type":"if","locations":[{"start":{"line":28,"column":11},"end":{"line":30,"column":5}}]},"2":{"loc":{"start":{"line":35,"column":13},"end":{"line":35,"column":71}},"type":"cond-expr","locations":[{"start":{"line":35,"column":23},"end":{"line":35,"column":56}},{"start":{"line":35,"column":57},"end":{"line":35,"column":71}}]},"3":{"loc":{"start":{"line":42,"column":13},"end":{"line":42,"column":60}},"type":"cond-expr","locations":[{"start":{"line":42,"column":24},"end":{"line":42,"column":39}},{"start":{"line":42,"column":42},"end":{"line":42,"column":60}}]},"4":{"loc":{"start":{"line":50,"column":11},"end":{"line":50,"column":41}},"type":"cond-expr","locations":[{"start":{"line":50,"column":22},"end":{"line":50,"column":30}},{"start":{"line":50,"column":33},"end":{"line":50,"column":41}}]}},"s":{"0":0,"1":0,"2":0,"3":0,"4":0,"5":0,"6":0,"7":0,"8":0,"9":0,"10":0,"11":0,"12":0,"13":0,"14":0,"15":0,"16":0,"17":0,"18":0,"19":0,"20":0},"f":{"0":0,"1":0,"2":0,"3":0,"4":0},"b":{"0":[0,0],"1":[0],"2":[0,0],"3":[0,0],"4":[0,0]}}
,"/Users/chuaa/Desktop/NFR/peerprep-g03/frontend/app/components/questions/QuestionTable.tsx": {"path":"/Users/chuaa/Desktop/NFR/peerprep-g03/frontend/app/components/questions/QuestionTable.tsx","statementMap":{"0":{"start":{"line":27,"column":0},"end":{"line":27,"column":24}},"1":{"start":{"line":2,"column":0},"end":{"line":2,"column":29}},"2":{"start":{"line":6,"column":0},"end":{"line":6,"column":50}},"3":{"start":{"line":8,"column":0},"end":{"line":8,"column":null}},"4":{"start":{"line":12,"column":0},"end":{"line":12,"column":null}},"5":{"start":{"line":16,"column":0},"end":{"line":16,"column":58}},"6":{"start":{"line":28,"column":11},"end":{"line":28,"column":null}},"7":{"start":{"line":29,"column":12},"end":{"line":29,"column":null}},"8":{"start":{"line":30,"column":9},"end":{"line":30,"column":null}},"9":{"start":{"line":31,"column":10},"end":{"line":31,"column":null}},"10":{"start":{"line":32,"column":8},"end":{"line":32,"column":null}},"11":{"start":{"line":33,"column":20},"end":{"line":33,"column":null}},"12":{"start":{"line":35,"column":46},"end":{"line":82,"column":4}},"13":{"start":{"line":53,"column":8},"end":{"line":53,"column":null}},"14":{"start":{"line":54,"column":40},"end":{"line":54,"column":null}},"15":{"start":{"line":63,"column":8},"end":{"line":63,"column":null}},"16":{"start":{"line":65,"column":8},"end":{"line":66,"column":null}},"17":{"start":{"line":68,"column":38},"end":{"line":68,"column":null}},"18":{"start":{"line":73,"column":36},"end":{"line":80,"column":null}},"19":{"start":{"line":84,"column":2},"end":{"line":93,"column":4}},"20":{"start":{"line":91,"column":38},"end":{"line":91,"column":null}}},"fnMap":{"0":{"name":"QuestionTable","decl":{"start":{"line":27,"column":24},"end":{"line":27,"column":37}},"loc":{"start":{"line":34,"column":8},"end":{"line":94,"column":1}}},"1":{"name":"(anonymous_2)","decl":{"start":{"line":52,"column":16},"end":{"line":52,"column":17}},"loc":{"start":{"line":52,"column":55},"end":{"line":53,"column":14}}},"2":{"name":"(anonymous_3)","decl":{"start":{"line":54,"column":14},"end":{"line":54,"column":15}},"loc":{"start":{"line":54,"column":35},"end":{"line":54,"column":55}}},"3":{"name":"(anonymous_4)","decl":{"start":{"line":62,"column":16},"end":{"line":62,"column":17}},"loc":{"start":{"line":62,"column":55},"end":{"line":63,"column":14}}},"4":{"name":"(anonymous_5)","decl":{"start":{"line":64,"column":14},"end":{"line":64,"column":15}},"loc":{"start":{"line":64,"column":19},"end":{"line":65,"column":24}}},"5":{"name":"(anonymous_6)","decl":{"start":{"line":68,"column":14},"end":{"line":68,"column":15}},"loc":{"start":{"line":68,"column":33},"end":{"line":68,"column":54}}},"6":{"name":"(anonymous_7)","decl":{"start":{"line":73,"column":14},"end":{"line":73,"column":15}},"loc":{"start":{"line":73,"column":31},"end":{"line":73,"column":null}}},"7":{"name":"(anonymous_8)","decl":{"start":{"line":91,"column":16},"end":{"line":91,"column":17}},"loc":{"start":{"line":91,"column":33},"end":{"line":91,"column":56}}}},"branchMap":{},"s":{"0":0,"1":0,"2":0,"3":0,"4":0,"5":0,"6":0,"7":0,"8":0,"9":0,"10":0,"11":0,"12":0,"13":0,"14":0,"15":0,"16":0,"17":0,"18":0,"19":0,"20":0},"f":{"0":0,"1":0,"2":0,"3":0,"4":0,"5":0,"6":0,"7":0},"b":{}}
,"/Users/chuaa/Desktop/NFR/peerprep-g03/frontend/app/components/questions/QuestionTableActions.tsx": {"path":"/Users/chuaa/Desktop/NFR/peerprep-g03/frontend/app/components/questions/QuestionTableActions.tsx","statementMap":{"0":{"start":{"line":13,"column":0},"end":{"line":13,"column":24}},"1":{"start":{"line":1,"column":0},"end":{"line":1,"column":65}},"2":{"start":{"line":2,"column":0},"end":{"line":2,"column":37}},"3":{"start":{"line":14,"column":4},"end":{"line":14,"column":null}},"4":{"start":{"line":15,"column":10},"end":{"line":15,"column":null}},"5":{"start":{"line":16,"column":8},"end":{"line":16,"column":null}},"6":{"start":{"line":17,"column":10},"end":{"line":17,"column":null}},"7":{"start":{"line":19,"column":2},"end":{"line":24,"column":4}},"8":{"start":{"line":21,"column":53},"end":{"line":21,"column":73}},"9":{"start":{"line":22,"column":62},"end":{"line":22,"column":78}}},"fnMap":{"0":{"name":"QuestionTableActions","decl":{"start":{"line":13,"column":24},"end":{"line":13,"column":44}},"loc":{"start":{"line":18,"column":8},"end":{"line":25,"column":1}}},"1":{"name":"(anonymous_1)","decl":{"start":{"line":21,"column":47},"end":{"line":21,"column":53}},"loc":{"start":{"line":21,"column":47},"end":{"line":21,"column":59}}},"2":{"name":"(anonymous_2)","decl":{"start":{"line":22,"column":56},"end":{"line":22,"column":62}},"loc":{"start":{"line":22,"column":56},"end":{"line":22,"column":70}}}},"branchMap":{},"s":{"0":0,"1":0,"2":0,"3":0,"4":0,"5":0,"6":0,"7":0,"8":0,"9":0},"f":{"0":0,"1":0,"2":0},"b":{}}
,"/Users/chuaa/Desktop/NFR/peerprep-g03/frontend/app/components/questions/QuestionTableHeader.tsx": {"path":"/Users/chuaa/Desktop/NFR/peerprep-g03/frontend/app/components/questions/QuestionTableHeader.tsx","statementMap":{"0":{"start":{"line":10,"column":0},"end":{"line":10,"column":24}},"1":{"start":{"line":1,"column":0},"end":{"line":1,"column":37}},"2":{"start":{"line":11,"column":12},"end":{"line":11,"column":null}},"3":{"start":{"line":12,"column":15},"end":{"line":12,"column":null}},"4":{"start":{"line":13,"column":10},"end":{"line":13,"column":null}},"5":{"start":{"line":14,"column":15},"end":{"line":14,"column":null}},"6":{"start":{"line":16,"column":2},"end":{"line":34,"column":4}},"7":{"start":{"line":22,"column":27},"end":{"line":22,"column":null}}},"fnMap":{"0":{"name":"QuestionTableHeader","decl":{"start":{"line":10,"column":24},"end":{"line":10,"column":43}},"loc":{"start":{"line":15,"column":8},"end":{"line":35,"column":1}}},"1":{"name":"(anonymous_1)","decl":{"start":{"line":22,"column":20},"end":{"line":22,"column":21}},"loc":{"start":{"line":22,"column":22},"end":{"line":22,"column":40}}}},"branchMap":{},"s":{"0":0,"1":0,"2":0,"3":0,"4":0,"5":0,"6":0,"7":0},"f":{"0":0,"1":0},"b":{}}
,"/Users/chuaa/Desktop/NFR/peerprep-g03/frontend/app/contexts/AuthContext.tsx": {"path":"/Users/chuaa/Desktop/NFR/peerprep-g03/frontend/app/contexts/AuthContext.tsx","statementMap":{"0":{"start":{"line":1,"column":0},"end":{"line":1,"column":31}},"1":{"start":{"line":2,"column":0},"end":{"line":2,"column":39}},"2":{"start":{"line":3,"column":0},"end":{"line":3,"column":71}},"3":{"start":{"line":4,"column":0},"end":{"line":4,"column":70}},"4":{"start":{"line":7,"column":0},"end":{"line":7,"column":null}},"5":{"start":{"line":14,"column":20},"end":{"line":14,"column":73}},"6":{"start":{"line":16,"column":28},"end":{"line":83,"column":1}},"7":{"start":{"line":16,"column":39},"end":{"line":16,"column":72}},"8":{"start":{"line":17,"column":48},"end":{"line":17,"column":63}},"9":{"start":{"line":17,"column":24},"end":{"line":17,"column":26}},"10":{"start":{"line":17,"column":44},"end":{"line":17,"column":48}},"11":{"start":{"line":18,"column":52},"end":{"line":18,"column":67}},"12":{"start":{"line":18,"column":26},"end":{"line":18,"column":28}},"13":{"start":{"line":18,"column":48},"end":{"line":18,"column":52}},"14":{"start":{"line":19,"column":40},"end":{"line":19,"column":74}},"15":{"start":{"line":19,"column":20},"end":{"line":19,"column":22}},"16":{"start":{"line":19,"column":36},"end":{"line":19,"column":40}},"17":{"start":{"line":21,"column":2},"end":{"line":35,"column":9}},"18":{"start":{"line":22,"column":18},"end":{"line":22,"column":28}},"19":{"start":{"line":23,"column":4},"end":{"line":23,"column":33}},"20":{"start":{"line":24,"column":4},"end":{"line":33,"column":5}},"21":{"start":{"line":25,"column":22},"end":{"line":25,"column":51}},"22":{"start":{"line":26,"column":6},"end":{"line":26,"column":45}},"23":{"start":{"line":27,"column":6},"end":{"line":27,"column":30}},"24":{"start":{"line":28,"column":6},"end":{"line":28,"column":31}},"25":{"start":{"line":30,"column":6},"end":{"line":30,"column":20}},"26":{"start":{"line":31,"column":6},"end":{"line":31,"column":27}},"27":{"start":{"line":32,"column":6},"end":{"line":32,"column":32}},"28":{"start":{"line":34,"column":4},"end":{"line":34,"column":31}},"29":{"start":{"line":37,"column":2},"end":{"line":46,"column":9}},"30":{"start":{"line":38,"column":21},"end":{"line":44,"column":17}},"31":{"start":{"line":39,"column":20},"end":{"line":39,"column":30}},"32":{"start":{"line":40,"column":6},"end":{"line":43,"column":7}},"33":{"start":{"line":41,"column":8},"end":{"line":41,"column":21}},"34":{"start":{"line":42,"column":8},"end":{"line":42,"column":61}},"35":{"start":{"line":45,"column":4},"end":{"line":45,"column":41}},"36":{"start":{"line":45,"column":17},"end":{"line":45,"column":41}},"37":{"start":{"line":48,"column":20},"end":{"line":62,"column":4}},"38":{"start":{"line":51,"column":3},"end":{"line":62,"column":4}},"39":{"start":{"line":52,"column":19},"end":{"line":52,"column":null}},"40":{"start":{"line":52,"column":10},"end":{"line":52,"column":null}},"41":{"start":{"line":53,"column":4},"end":{"line":60,"column":5}},"42":{"start":{"line":54,"column":6},"end":{"line":54,"column":41}},"43":{"start":{"line":56,"column":12},"end":{"line":56,"column":70}},"44":{"start":{"line":57,"column":6},"end":{"line":57,"column":30}},"45":{"start":{"line":58,"column":6},"end":{"line":58,"column":31}},"46":{"start":{"line":59,"column":6},"end":{"line":59,"column":31}},"47":{"start":{"line":61,"column":4},"end":{"line":61,"column":55}},"48":{"start":{"line":64,"column":21},"end":{"line":68,"column":3}},"49":{"start":{"line":65,"column":4},"end":{"line":65,"column":18}},"50":{"start":{"line":66,"column":4},"end":{"line":66,"column":25}},"51":{"start":{"line":67,"column":4},"end":{"line":67,"column":30}},"52":{"start":{"line":70,"column":2},"end":{"line":82,"column":4}},"53":{"start":{"line":16,"column":13},"end":{"line":16,"column":28}},"54":{"start":{"line":85,"column":23},"end":{"line":89,"column":1}},"55":{"start":{"line":86,"column":18},"end":{"line":86,"column":41}},"56":{"start":{"line":87,"column":2},"end":{"line":87,"column":79}},"57":{"start":{"line":87,"column":16},"end":{"line":87,"column":79}},"58":{"start":{"line":88,"column":2},"end":{"line":88,"column":17}},"59":{"start":{"line":85,"column":13},"end":{"line":85,"column":23}}},"fnMap":{"0":{"name":"(anonymous_13)","decl":{"start":{"line":16,"column":28},"end":{"line":16,"column":29}},"loc":{"start":{"line":16,"column":72},"end":{"line":83,"column":1}}},"1":{"name":"(anonymous_14)","decl":{"start":{"line":21,"column":12},"end":{"line":21,"column":null}},"loc":{"start":{"line":21,"column":12},"end":{"line":35,"column":3}}},"2":{"name":"(anonymous_15)","decl":{"start":{"line":37,"column":12},"end":{"line":37,"column":null}},"loc":{"start":{"line":37,"column":12},"end":{"line":46,"column":3}}},"3":{"name":"(anonymous_16)","decl":{"start":{"line":38,"column":33},"end":{"line":38,"column":null}},"loc":{"start":{"line":38,"column":33},"end":{"line":44,"column":5}}},"4":{"name":"(anonymous_17)","decl":{"start":{"line":45,"column":11},"end":{"line":45,"column":17}},"loc":{"start":{"line":45,"column":11},"end":{"line":45,"column":30}}},"5":{"name":"(anonymous_18)","decl":{"start":{"line":48,"column":20},"end":{"line":48,"column":27}},"loc":{"start":{"line":51,"column":3},"end":{"line":62,"column":4}}},"6":{"name":"(anonymous_19)","decl":{"start":{"line":51,"column":3},"end":{"line":51,"column":null}},"loc":{"start":{"line":51,"column":3},"end":{"line":62,"column":4}}},"7":{"name":"(anonymous_21)","decl":{"start":{"line":64,"column":21},"end":{"line":64,"column":null}},"loc":{"start":{"line":64,"column":21},"end":{"line":68,"column":3}}},"8":{"name":"(anonymous_22)","decl":{"start":{"line":85,"column":23},"end":{"line":85,"column":null}},"loc":{"start":{"line":85,"column":23},"end":{"line":89,"column":1}}}},"branchMap":{"0":{"loc":{"start":{"line":24,"column":4},"end":{"line":33,"column":5}},"type":"if","locations":[{"start":{"line":24,"column":4},"end":{"line":33,"column":5}},{"start":{"line":29,"column":11},"end":{"line":33,"column":5}}]},"1":{"loc":{"start":{"line":24,"column":8},"end":{"line":24,"column":39}},"type":"binary-expr","locations":[{"start":{"line":24,"column":8},"end":{"line":24,"column":13}},{"start":{"line":24,"column":17},"end":{"line":24,"column":39}}]},"2":{"loc":{"start":{"line":40,"column":6},"end":{"line":43,"column":7}},"type":"if","locations":[{"start":{"line":40,"column":6},"end":{"line":43,"column":7}}]},"3":{"loc":{"start":{"line":40,"column":10},"end":{"line":40,"column":40}},"type":"binary-expr","locations":[{"start":{"line":40,"column":10},"end":{"line":40,"column":15}},{"start":{"line":40,"column":19},"end":{"line":40,"column":40}}]},"4":{"loc":{"start":{"line":52,"column":19},"end":{"line":52,"column":null}},"type":"switch","locations":[{"start":{"line":52,"column":19},"end":{"line":52,"column":null}}]},"5":{"loc":{"start":{"line":53,"column":4},"end":{"line":60,"column":5}},"type":"if","locations":[{"start":{"line":53,"column":4},"end":{"line":60,"column":5}}]},"6":{"loc":{"start":{"line":53,"column":8},"end":{"line":53,"column":52}},"type":"binary-expr","locations":[{"start":{"line":53,"column":8},"end":{"line":53,"column":22}},{"start":{"line":53,"column":26},"end":{"line":53,"column":50}}]},"7":{"loc":{"start":{"line":53,"column":26},"end":{"line":53,"column":50}},"type":"cond-expr","locations":[{"start":{"line":53,"column":37},"end":{"line":53,"column":39}},{"start":{"line":53,"column":37},"end":{"line":53,"column":50}}]},"8":{"loc":{"start":{"line":53,"column":26},"end":{"line":53,"column":39}},"type":"binary-expr","locations":[{"start":{"line":53,"column":26},"end":{"line":53,"column":39}},{"start":{"line":53,"column":37},"end":{"line":53,"column":39}}]},"9":{"loc":{"start":{"line":87,"column":2},"end":{"line":87,"column":79}},"type":"if","locations":[{"start":{"line":87,"column":2},"end":{"line":87,"column":79}}]}},"s":{"0":0,"1":0,"2":0,"3":0,"4":0,"5":0,"6":0,"7":0,"8":0,"9":0,"10":0,"11":0,"12":0,"13":0,"14":0,"15":0,"16":0,"17":0,"18":0,"19":0,"20":0,"21":0,"22":0,"23":0,"24":0,"25":0,"26":0,"27":0,"28":0,"29":0,"30":0,"31":0,"32":0,"33":0,"34":0,"35":0,"36":0,"37":0,"38":0,"39":0,"40":0,"41":0,"42":0,"43":0,"44":0,"45":0,"46":0,"47":0,"48":0,"49":0,"50":0,"51":0,"52":0,"53":0,"54":0,"55":0,"56":0,"57":0,"58":0,"59":0},"f":{"0":0,"1":0,"2":0,"3":0,"4":0,"5":0,"6":0,"7":0,"8":0},"b":{"0":[0,0],"1":[0,0],"2":[0],"3":[0,0],"4":[0],"5":[0],"6":[0,0],"7":[0,0],"8":[0,0],"9":[0]}}
,"/Users/chuaa/Desktop/NFR/peerprep-g03/frontend/app/layouts/MainLayout.tsx": {"path":"/Users/chuaa/Desktop/NFR/peerprep-g03/frontend/app/layouts/MainLayout.tsx","statementMap":{"0":{"start":{"line":8,"column":0},"end":{"line":8,"column":24}},"1":{"start":{"line":1,"column":0},"end":{"line":1,"column":43}},"2":{"start":{"line":2,"column":0},"end":{"line":2,"column":38}},"3":{"start":{"line":3,"column":0},"end":{"line":3,"column":38}},"4":{"start":{"line":4,"column":0},"end":{"line":4,"column":74}},"5":{"start":{"line":6,"column":28},"end":{"line":6,"column":38}},"6":{"start":{"line":9,"column":2},"end":{"line":37,"column":4}}},"fnMap":{"0":{"name":"MainLayout","decl":{"start":{"line":8,"column":24},"end":{"line":8,"column":34}},"loc":{"start":{"line":8,"column":34},"end":{"line":38,"column":1}}}},"branchMap":{},"s":{"0":0,"1":0,"2":0,"3":0,"4":0,"5":0,"6":0},"f":{"0":0},"b":{}}
,"/Users/chuaa/Desktop/NFR/peerprep-g03/frontend/app/pages/CollabContent.tsx": {"path":"/Users/chuaa/Desktop/NFR/peerprep-g03/frontend/app/pages/CollabContent.tsx","statementMap":{"0":{"start":{"line":11,"column":0},"end":{"line":11,"column":24}},"1":{"start":{"line":2,"column":0},"end":{"line":2,"column":58}},"2":{"start":{"line":3,"column":0},"end":{"line":3,"column":44}},"3":{"start":{"line":4,"column":0},"end":{"line":4,"column":46}},"4":{"start":{"line":5,"column":0},"end":{"line":5,"column":50}},"5":{"start":{"line":9,"column":25},"end":{"line":9,"column":29}},"6":{"start":{"line":13,"column":28},"end":{"line":13,"column":38}},"7":{"start":{"line":14,"column":30},"end":{"line":14,"column":42}},"8":{"start":{"line":14,"column":16},"end":{"line":14,"column":18}},"9":{"start":{"line":14,"column":26},"end":{"line":14,"column":30}},"10":{"start":{"line":15,"column":32},"end":{"line":15,"column":61}},"11":{"start":{"line":15,"column":17},"end":{"line":15,"column":19}},"12":{"start":{"line":15,"column":28},"end":{"line":15,"column":32}},"13":{"start":{"line":18,"column":21},"end":{"line":18,"column":26}},"14":{"start":{"line":19,"column":19},"end":{"line":19,"column":34}},"15":{"start":{"line":20,"column":36},"end":{"line":20,"column":51}},"16":{"start":{"line":20,"column":19},"end":{"line":20,"column":21}},"17":{"start":{"line":20,"column":32},"end":{"line":20,"column":36}},"18":{"start":{"line":21,"column":32},"end":{"line":21,"column":47}},"19":{"start":{"line":21,"column":17},"end":{"line":21,"column":19}},"20":{"start":{"line":21,"column":28},"end":{"line":21,"column":32}},"21":{"start":{"line":23,"column":4},"end":{"line":23,"column":26}},"22":{"start":{"line":24,"column":4},"end":{"line":36,"column":null}},"23":{"start":{"line":25,"column":18},"end":{"line":25,"column":45}},"24":{"start":{"line":26,"column":8},"end":{"line":29,"column":null}},"25":{"start":{"line":27,"column":12},"end":{"line":27,"column":51}},"26":{"start":{"line":28,"column":12},"end":{"line":28,"column":51}},"27":{"start":{"line":31,"column":8},"end":{"line":31,"column":21}},"28":{"start":{"line":33,"column":8},"end":{"line":35,"column":null}},"29":{"start":{"line":34,"column":12},"end":{"line":34,"column":27}},"30":{"start":{"line":38,"column":4},"end":{"line":41,"column":null}},"31":{"start":{"line":39,"column":7},"end":{"line":39,"column":39}},"32":{"start":{"line":39,"column":32},"end":{"line":39,"column":39}},"33":{"start":{"line":40,"column":7},"end":{"line":40,"column":42}},"34":{"start":{"line":43,"column":4},"end":{"line":54,"column":null}},"35":{"start":{"line":44,"column":8},"end":{"line":44,"column":27}},"36":{"start":{"line":44,"column":20},"end":{"line":44,"column":27}},"37":{"start":{"line":46,"column":25},"end":{"line":48,"column":28}},"38":{"start":{"line":47,"column":12},"end":{"line":47,"column":44}},"39":{"start":{"line":50,"column":8},"end":{"line":52,"column":null}},"40":{"start":{"line":51,"column":12},"end":{"line":51,"column":36}},"41":{"start":{"line":57,"column":4},"end":{"line":65,"column":null}},"42":{"start":{"line":58,"column":8},"end":{"line":58,"column":27}},"43":{"start":{"line":58,"column":20},"end":{"line":58,"column":27}},"44":{"start":{"line":59,"column":8},"end":{"line":61,"column":11}},"45":{"start":{"line":60,"column":12},"end":{"line":60,"column":34}},"46":{"start":{"line":62,"column":8},"end":{"line":62,"column":52}},"47":{"start":{"line":67,"column":4},"end":{"line":72,"column":null}},"48":{"start":{"line":68,"column":8},"end":{"line":68,"column":27}},"49":{"start":{"line":68,"column":20},"end":{"line":68,"column":27}},"50":{"start":{"line":69,"column":8},"end":{"line":71,"column":null}},"51":{"start":{"line":70,"column":12},"end":{"line":70,"column":68}},"52":{"start":{"line":74,"column":4},"end":{"line":89,"column":null}},"53":{"start":{"line":75,"column":8},"end":{"line":75,"column":27}},"54":{"start":{"line":75,"column":20},"end":{"line":75,"column":27}},"55":{"start":{"line":77,"column":24},"end":{"line":81,"column":9}},"56":{"start":{"line":78,"column":12},"end":{"line":80,"column":13}},"57":{"start":{"line":79,"column":16},"end":{"line":79,"column":35}},"58":{"start":{"line":83,"column":8},"end":{"line":83,"column":null}},"59":{"start":{"line":85,"column":8},"end":{"line":87,"column":null}},"60":{"start":{"line":86,"column":12},"end":{"line":86,"column":null}},"61":{"start":{"line":91,"column":5},"end":{"line":97,"column":null}},"62":{"start":{"line":92,"column":8},"end":{"line":92,"column":27}},"63":{"start":{"line":92,"column":20},"end":{"line":92,"column":27}},"64":{"start":{"line":94,"column":8},"end":{"line":96,"column":9}},"65":{"start":{"line":95,"column":12},"end":{"line":95,"column":49}},"66":{"start":{"line":99,"column":30},"end":{"line":102,"column":5}},"67":{"start":{"line":100,"column":8},"end":{"line":100,"column":27}},"68":{"start":{"line":100,"column":20},"end":{"line":100,"column":27}},"69":{"start":{"line":101,"column":8},"end":{"line":101,"column":51}},"70":{"start":{"line":104,"column":2},"end":{"line":119,"column":null}},"71":{"start":{"line":110,"column":16},"end":{"line":110,"column":null}},"72":{"start":{"line":111,"column":16},"end":{"line":111,"column":null}},"73":{"start":{"line":112,"column":16},"end":{"line":112,"column":null}},"74":{"start":{"line":112,"column":33},"end":{"line":112,"column":53}}},"fnMap":{"0":{"name":"CollabContent","decl":{"start":{"line":11,"column":24},"end":{"line":11,"column":37}},"loc":{"start":{"line":11,"column":37},"end":{"line":120,"column":1}}},"1":{"name":"(anonymous_1)","decl":{"start":{"line":24,"column":14},"end":{"line":24,"column":null}},"loc":{"start":{"line":24,"column":14},"end":{"line":36,"column":5}}},"2":{"name":"(anonymous_2)","decl":{"start":{"line":26,"column":24},"end":{"line":26,"column":null}},"loc":{"start":{"line":26,"column":24},"end":{"line":29,"column":9}}},"3":{"name":"(anonymous_3)","decl":{"start":{"line":33,"column":15},"end":{"line":33,"column":null}},"loc":{"start":{"line":33,"column":15},"end":{"line":35,"column":9}}},"4":{"name":"(anonymous_4)","decl":{"start":{"line":38,"column":14},"end":{"line":38,"column":null}},"loc":{"start":{"line":38,"column":14},"end":{"line":41,"column":5}}},"5":{"name":"(anonymous_5)","decl":{"start":{"line":43,"column":14},"end":{"line":43,"column":null}},"loc":{"start":{"line":43,"column":14},"end":{"line":54,"column":5}}},"6":{"name":"(anonymous_6)","decl":{"start":{"line":46,"column":37},"end":{"line":46,"column":null}},"loc":{"start":{"line":46,"column":37},"end":{"line":48,"column":9}}},"7":{"name":"(anonymous_7)","decl":{"start":{"line":50,"column":15},"end":{"line":50,"column":null}},"loc":{"start":{"line":50,"column":15},"end":{"line":52,"column":9}}},"8":{"name":"(anonymous_8)","decl":{"start":{"line":57,"column":14},"end":{"line":57,"column":null}},"loc":{"start":{"line":57,"column":14},"end":{"line":65,"column":5}}},"9":{"name":"(anonymous_9)","decl":{"start":{"line":59,"column":35},"end":{"line":59,"column":36}},"loc":{"start":{"line":59,"column":47},"end":{"line":61,"column":9}}},"10":{"name":"(anonymous_10)","decl":{"start":{"line":67,"column":14},"end":{"line":67,"column":null}},"loc":{"start":{"line":67,"column":14},"end":{"line":72,"column":5}}},"11":{"name":"(anonymous_11)","decl":{"start":{"line":69,"column":41},"end":{"line":69,"column":42}},"loc":{"start":{"line":69,"column":46},"end":{"line":71,"column":9}}},"12":{"name":"(anonymous_12)","decl":{"start":{"line":74,"column":14},"end":{"line":74,"column":null}},"loc":{"start":{"line":74,"column":14},"end":{"line":89,"column":6}}},"13":{"name":"(anonymous_13)","decl":{"start":{"line":77,"column":24},"end":{"line":77,"column":25}},"loc":{"start":{"line":77,"column":41},"end":{"line":81,"column":9}}},"14":{"name":"(anonymous_14)","decl":{"start":{"line":85,"column":15},"end":{"line":85,"column":null}},"loc":{"start":{"line":85,"column":15},"end":{"line":87,"column":9}}},"15":{"name":"(anonymous_15)","decl":{"start":{"line":91,"column":15},"end":{"line":91,"column":null}},"loc":{"start":{"line":91,"column":15},"end":{"line":97,"column":6}}},"16":{"name":"(anonymous_16)","decl":{"start":{"line":99,"column":30},"end":{"line":99,"column":null}},"loc":{"start":{"line":99,"column":30},"end":{"line":102,"column":5}}},"17":{"name":"(anonymous_17)","decl":{"start":{"line":109,"column":22},"end":{"line":109,"column":23}},"loc":{"start":{"line":109,"column":24},"end":{"line":113,"column":13}}},"18":{"name":"(anonymous_18)","decl":{"start":{"line":112,"column":27},"end":{"line":112,"column":33}},"loc":{"start":{"line":112,"column":27},"end":{"line":112,"column":44}}}},"branchMap":{"0":{"loc":{"start":{"line":19,"column":19},"end":{"line":19,"column":34}},"type":"cond-expr","locations":[{"start":{"line":19,"column":30},"end":{"line":19,"column":32}},{"start":{"line":19,"column":19},"end":{"line":19,"column":34}}]},"1":{"loc":{"start":{"line":19,"column":19},"end":{"line":19,"column":32}},"type":"binary-expr","locations":[{"start":{"line":19,"column":19},"end":{"line":19,"column":32}},{"start":{"line":19,"column":19},"end":{"line":19,"column":32}}]},"2":{"loc":{"start":{"line":39,"column":7},"end":{"line":39,"column":39}},"type":"if","locations":[{"start":{"line":39,"column":7},"end":{"line":39,"column":39}}]},"3":{"loc":{"start":{"line":39,"column":10},"end":{"line":39,"column":30}},"type":"binary-expr","locations":[{"start":{"line":39,"column":10},"end":{"line":39,"column":17}},{"start":{"line":39,"column":21},"end":{"line":39,"column":30}}]},"4":{"loc":{"start":{"line":44,"column":8},"end":{"line":44,"column":27}},"type":"if","locations":[{"start":{"line":44,"column":8},"end":{"line":44,"column":27}}]},"5":{"loc":{"start":{"line":58,"column":8},"end":{"line":58,"column":27}},"type":"if","locations":[{"start":{"line":58,"column":8},"end":{"line":58,"column":27}}]},"6":{"loc":{"start":{"line":68,"column":8},"end":{"line":68,"column":27}},"type":"if","locations":[{"start":{"line":68,"column":8},"end":{"line":68,"column":27}}]},"7":{"loc":{"start":{"line":75,"column":8},"end":{"line":75,"column":27}},"type":"if","locations":[{"start":{"line":75,"column":8},"end":{"line":75,"column":27}}]},"8":{"loc":{"start":{"line":78,"column":12},"end":{"line":80,"column":13}},"type":"if","locations":[{"start":{"line":78,"column":12},"end":{"line":80,"column":13}}]},"9":{"loc":{"start":{"line":92,"column":8},"end":{"line":92,"column":27}},"type":"if","locations":[{"start":{"line":92,"column":8},"end":{"line":92,"column":27}}]},"10":{"loc":{"start":{"line":94,"column":8},"end":{"line":96,"column":9}},"type":"if","locations":[{"start":{"line":94,"column":8},"end":{"line":96,"column":9}}]},"11":{"loc":{"start":{"line":100,"column":8},"end":{"line":100,"column":27}},"type":"if","locations":[{"start":{"line":100,"column":8},"end":{"line":100,"column":27}}]}},"s":{"0":0,"1":0,"2":0,"3":0,"4":0,"5":0,"6":0,"7":0,"8":0,"9":0,"10":0,"11":0,"12":0,"13":0,"14":0,"15":0,"16":0,"17":0,"18":0,"19":0,"20":0,"21":0,"22":0,"23":0,"24":0,"25":0,"26":0,"27":0,"28":0,"29":0,"30":0,"31":0,"32":0,"33":0,"34":0,"35":0,"36":0,"37":0,"38":0,"39":0,"40":0,"41":0,"42":0,"43":0,"44":0,"45":0,"46":0,"47":0,"48":0,"49":0,"50":0,"51":0,"52":0,"53":0,"54":0,"55":0,"56":0,"57":0,"58":0,"59":0,"60":0,"61":0,"62":0,"63":0,"64":0,"65":0,"66":0,"67":0,"68":0,"69":0,"70":0,"71":0,"72":0,"73":0,"74":0},"f":{"0":0,"1":0,"2":0,"3":0,"4":0,"5":0,"6":0,"7":0,"8":0,"9":0,"10":0,"11":0,"12":0,"13":0,"14":0,"15":0,"16":0,"17":0,"18":0},"b":{"0":[0,0],"1":[0,0],"2":[0],"3":[0,0],"4":[0],"5":[0],"6":[0],"7":[0],"8":[0],"9":[0],"10":[0],"11":[0]}}
,"/Users/chuaa/Desktop/NFR/peerprep-g03/frontend/app/pages/HomeContent.tsx": {"path":"/Users/chuaa/Desktop/NFR/peerprep-g03/frontend/app/pages/HomeContent.tsx","statementMap":{"0":{"start":{"line":3,"column":0},"end":{"line":3,"column":24}},"1":{"start":{"line":1,"column":0},"end":{"line":1,"column":36}},"2":{"start":{"line":4,"column":2},"end":{"line":34,"column":4}}},"fnMap":{"0":{"name":"HomeContent","decl":{"start":{"line":3,"column":24},"end":{"line":3,"column":35}},"loc":{"start":{"line":3,"column":35},"end":{"line":35,"column":1}}}},"branchMap":{},"s":{"0":0,"1":0,"2":0},"f":{"0":0},"b":{}}
,"/Users/chuaa/Desktop/NFR/peerprep-g03/frontend/app/pages/LoginContent.tsx": {"path":"/Users/chuaa/Desktop/NFR/peerprep-g03/frontend/app/pages/LoginContent.tsx","statementMap":{"0":{"start":{"line":1,"column":0},"end":{"line":1,"column":63}},"1":{"start":{"line":2,"column":0},"end":{"line":2,"column":71}},"2":{"start":{"line":3,"column":0},"end":{"line":3,"column":33}},"3":{"start":{"line":4,"column":0},"end":{"line":4,"column":49}},"4":{"start":{"line":5,"column":0},"end":{"line":5,"column":50}},"5":{"start":{"line":7,"column":24},"end":{"line":7,"column":35}},"6":{"start":{"line":9,"column":31},"end":{"line":86,"column":1}},"7":{"start":{"line":10,"column":19},"end":{"line":10,"column":32}},"8":{"start":{"line":11,"column":24},"end":{"line":11,"column":34}},"9":{"start":{"line":12,"column":32},"end":{"line":12,"column":47}},"10":{"start":{"line":12,"column":16},"end":{"line":12,"column":18}},"11":{"start":{"line":12,"column":28},"end":{"line":12,"column":32}},"12":{"start":{"line":14,"column":19},"end":{"line":25,"column":4}},"13":{"start":{"line":14,"column":69},"end":{"line":25,"column":4}},"14":{"start":{"line":15,"column":4},"end":{"line":15,"column":21}},"15":{"start":{"line":16,"column":19},"end":{"line":16,"column":null}},"16":{"start":{"line":16,"column":10},"end":{"line":16,"column":null}},"17":{"start":{"line":17,"column":4},"end":{"line":17,"column":22}},"18":{"start":{"line":19,"column":4},"end":{"line":24,"column":5}},"19":{"start":{"line":20,"column":6},"end":{"line":20,"column":42}},"20":{"start":{"line":21,"column":6},"end":{"line":21,"column":20}},"21":{"start":{"line":23,"column":6},"end":{"line":23,"column":54}},"22":{"start":{"line":27,"column":2},"end":{"line":85,"column":4}},"23":{"start":{"line":89,"column":52},"end":{"line":122,"column":2}},"24":{"start":{"line":124,"column":0},"end":{"line":124,"column":28}}},"fnMap":{"0":{"name":"(anonymous_13)","decl":{"start":{"line":9,"column":31},"end":{"line":9,"column":null}},"loc":{"start":{"line":9,"column":31},"end":{"line":86,"column":1}}},"1":{"name":"(anonymous_14)","decl":{"start":{"line":14,"column":19},"end":{"line":14,"column":26}},"loc":{"start":{"line":14,"column":69},"end":{"line":25,"column":4}}},"2":{"name":"(anonymous_15)","decl":{"start":{"line":14,"column":69},"end":{"line":14,"column":null}},"loc":{"start":{"line":14,"column":69},"end":{"line":25,"column":4}}}},"branchMap":{"0":{"loc":{"start":{"line":19,"column":4},"end":{"line":24,"column":5}},"type":"if","locations":[{"start":{"line":19,"column":4},"end":{"line":24,"column":5}},{"start":{"line":22,"column":11},"end":{"line":24,"column":5}}]},"1":{"loc":{"start":{"line":23,"column":20},"end":{"line":23,"column":52}},"type":"binary-expr","locations":[{"start":{"line":23,"column":20},"end":{"line":23,"column":34}},{"start":{"line":23,"column":38},"end":{"line":23,"column":52}}]}},"s":{"0":0,"1":0,"2":0,"3":0,"4":0,"5":0,"6":0,"7":0,"8":0,"9":0,"10":0,"11":0,"12":0,"13":0,"14":0,"15":0,"16":0,"17":0,"18":0,"19":0,"20":0,"21":0,"22":0,"23":0,"24":0},"f":{"0":0,"1":0,"2":0},"b":{"0":[0,0],"1":[0,0]}}
,"/Users/chuaa/Desktop/NFR/peerprep-g03/frontend/app/pages/MatchContent.tsx": {"path":"/Users/chuaa/Desktop/NFR/peerprep-g03/frontend/app/pages/MatchContent.tsx","statementMap":{"0":{"start":{"line":1,"column":0},"end":{"line":1,"column":72}},"1":{"start":{"line":2,"column":0},"end":{"line":2,"column":51}},"2":{"start":{"line":3,"column":0},"end":{"line":3,"column":63}},"3":{"start":{"line":4,"column":0},"end":{"line":4,"column":47}},"4":{"start":{"line":5,"column":0},"end":{"line":5,"column":50}},"5":{"start":{"line":6,"column":0},"end":{"line":6,"column":null}},"6":{"start":{"line":11,"column":0},"end":{"line":11,"column":72}},"7":{"start":{"line":14,"column":24},"end":{"line":14,"column":35}},"8":{"start":{"line":15,"column":19},"end":{"line":15,"column":26}},"9":{"start":{"line":17,"column":28},"end":{"line":206,"column":1}},"10":{"start":{"line":18,"column":26},"end":{"line":18,"column":36}},"11":{"start":{"line":19,"column":28},"end":{"line":19,"column":67}},"12":{"start":{"line":19,"column":14},"end":{"line":19,"column":16}},"13":{"start":{"line":19,"column":24},"end":{"line":19,"column":28}},"14":{"start":{"line":20,"column":38},"end":{"line":22,"column":14}},"15":{"start":{"line":20,"column":19},"end":{"line":20,"column":21}},"16":{"start":{"line":20,"column":34},"end":{"line":20,"column":38}},"17":{"start":{"line":23,"column":38},"end":{"line":23,"column":60}},"18":{"start":{"line":23,"column":19},"end":{"line":23,"column":21}},"19":{"start":{"line":23,"column":34},"end":{"line":23,"column":38}},"20":{"start":{"line":24,"column":38},"end":{"line":24,"column":53}},"21":{"start":{"line":24,"column":19},"end":{"line":24,"column":21}},"22":{"start":{"line":24,"column":34},"end":{"line":24,"column":38}},"23":{"start":{"line":25,"column":36},"end":{"line":25,"column":65}},"24":{"start":{"line":25,"column":18},"end":{"line":25,"column":20}},"25":{"start":{"line":25,"column":32},"end":{"line":25,"column":36}},"26":{"start":{"line":26,"column":40},"end":{"line":26,"column":69}},"27":{"start":{"line":26,"column":20},"end":{"line":26,"column":22}},"28":{"start":{"line":26,"column":36},"end":{"line":26,"column":40}},"29":{"start":{"line":29,"column":4},"end":{"line":33,"column":6}},"30":{"start":{"line":30,"column":20},"end":{"line":30,"column":null}},"31":{"start":{"line":31,"column":21},"end":{"line":31,"column":null}},"32":{"start":{"line":32,"column":29},"end":{"line":32,"column":null}},"33":{"start":{"line":28,"column":25},"end":{"line":28,"column":27}},"34":{"start":{"line":28,"column":42},"end":{"line":28,"column":44}},"35":{"start":{"line":28,"column":54},"end":{"line":28,"column":null}},"36":{"start":{"line":35,"column":26},"end":{"line":54,"column":3}},"37":{"start":{"line":36,"column":4},"end":{"line":38,"column":5}},"38":{"start":{"line":37,"column":6},"end":{"line":37,"column":49}},"39":{"start":{"line":40,"column":4},"end":{"line":42,"column":5}},"40":{"start":{"line":41,"column":6},"end":{"line":41,"column":56}},"41":{"start":{"line":44,"column":20},"end":{"line":48,"column":6}},"42":{"start":{"line":50,"column":4},"end":{"line":50,"column":29}},"43":{"start":{"line":51,"column":4},"end":{"line":51,"column":24}},"44":{"start":{"line":52,"column":4},"end":{"line":52,"column":21}},"45":{"start":{"line":53,"column":4},"end":{"line":53,"column":25}},"46":{"start":{"line":56,"column":28},"end":{"line":61,"column":3}},"47":{"start":{"line":57,"column":4},"end":{"line":57,"column":33}},"48":{"start":{"line":57,"column":26},"end":{"line":57,"column":33}},"49":{"start":{"line":58,"column":4},"end":{"line":58,"column":70}},"50":{"start":{"line":59,"column":4},"end":{"line":59,"column":25}},"51":{"start":{"line":60,"column":4},"end":{"line":60,"column":23}},"52":{"start":{"line":64,"column":2},"end":{"line":77,"column":30}},"53":{"start":{"line":65,"column":4},"end":{"line":65,"column":50}},"54":{"start":{"line":65,"column":43},"end":{"line":65,"column":50}},"55":{"start":{"line":67,"column":4},"end":{"line":70,"column":5}},"56":{"start":{"line":68,"column":6},"end":{"line":68,"column":25}},"57":{"start":{"line":69,"column":6},"end":{"line":69,"column":13}},"58":{"start":{"line":72,"column":18},"end":{"line":74,"column":12}},"59":{"start":{"line":73,"column":6},"end":{"line":73,"column":64}},"60":{"start":{"line":73,"column":29},"end":{"line":73,"column":63}},"61":{"start":{"line":76,"column":4},"end":{"line":76,"column":37}},"62":{"start":{"line":76,"column":17},"end":{"line":76,"column":37}},"63":{"start":{"line":80,"column":2},"end":{"line":102,"column":24}},"64":{"start":{"line":81,"column":4},"end":{"line":81,"column":33}},"65":{"start":{"line":81,"column":26},"end":{"line":81,"column":33}},"66":{"start":{"line":83,"column":4},"end":{"line":101,"column":7}},"67":{"start":{"line":86,"column":8},"end":{"line":86,"column":31}},"68":{"start":{"line":87,"column":8},"end":{"line":87,"column":54}},"69":{"start":{"line":88,"column":8},"end":{"line":88,"column":29}},"70":{"start":{"line":89,"column":8},"end":{"line":89,"column":27}},"71":{"start":{"line":92,"column":8},"end":{"line":92,"column":48}},"72":{"start":{"line":93,"column":8},"end":{"line":93,"column":29}},"73":{"start":{"line":94,"column":8},"end":{"line":94,"column":27}},"74":{"start":{"line":97,"column":8},"end":{"line":97,"column":59}},"75":{"start":{"line":98,"column":8},"end":{"line":98,"column":29}},"76":{"start":{"line":99,"column":8},"end":{"line":99,"column":27}},"77":{"start":{"line":105,"column":2},"end":{"line":117,"column":9}},"78":{"start":{"line":106,"column":27},"end":{"line":114,"column":6}},"79":{"start":{"line":108,"column":23},"end":{"line":108,"column":null}},"80":{"start":{"line":108,"column":14},"end":{"line":108,"column":null}},"81":{"start":{"line":109,"column":8},"end":{"line":109,"column":30}},"82":{"start":{"line":111,"column":8},"end":{"line":111,"column":57}},"83":{"start":{"line":112,"column":8},"end":{"line":112,"column":48}},"84":{"start":{"line":116,"column":4},"end":{"line":116,"column":21}},"85":{"start":{"line":119,"column":2},"end":{"line":205,"column":4}},"86":{"start":{"line":152,"column":37},"end":{"line":156,"column":14}},"87":{"start":{"line":166,"column":45},"end":{"line":170,"column":14}},"88":{"start":{"line":208,"column":0},"end":{"line":208,"column":25}}},"fnMap":{"0":{"name":"(anonymous_22)","decl":{"start":{"line":17,"column":28},"end":{"line":17,"column":null}},"loc":{"start":{"line":17,"column":28},"end":{"line":206,"column":1}}},"1":{"name":"(anonymous_23)","decl":{"start":{"line":30,"column":14},"end":{"line":30,"column":20}},"loc":{"start":{"line":30,"column":14},"end":{"line":30,"column":27}}},"2":{"name":"(anonymous_24)","decl":{"start":{"line":31,"column":15},"end":{"line":31,"column":21}},"loc":{"start":{"line":31,"column":15},"end":{"line":31,"column":28}}},"3":{"name":"(anonymous_25)","decl":{"start":{"line":32,"column":23},"end":{"line":32,"column":29}},"loc":{"start":{"line":32,"column":23},"end":{"line":32,"column":33}}},"4":{"name":"(anonymous_26)","decl":{"start":{"line":35,"column":26},"end":{"line":35,"column":null}},"loc":{"start":{"line":35,"column":26},"end":{"line":54,"column":3}}},"5":{"name":"(anonymous_27)","decl":{"start":{"line":56,"column":28},"end":{"line":56,"column":null}},"loc":{"start":{"line":56,"column":28},"end":{"line":61,"column":3}}},"6":{"name":"(anonymous_28)","decl":{"start":{"line":64,"column":12},"end":{"line":64,"column":null}},"loc":{"start":{"line":64,"column":12},"end":{"line":77,"column":3}}},"7":{"name":"(anonymous_29)","decl":{"start":{"line":72,"column":29},"end":{"line":72,"column":null}},"loc":{"start":{"line":72,"column":29},"end":{"line":74,"column":5}}},"8":{"name":"(anonymous_30)","decl":{"start":{"line":73,"column":19},"end":{"line":73,"column":20}},"loc":{"start":{"line":73,"column":24},"end":{"line":73,"column":30}}},"9":{"name":"(anonymous_31)","decl":{"start":{"line":76,"column":11},"end":{"line":76,"column":17}},"loc":{"start":{"line":76,"column":11},"end":{"line":76,"column":29}}},"10":{"name":"(anonymous_32)","decl":{"start":{"line":80,"column":12},"end":{"line":80,"column":null}},"loc":{"start":{"line":80,"column":12},"end":{"line":102,"column":3}}},"11":{"name":"(anonymous_33)","decl":{"start":{"line":85,"column":17},"end":{"line":85,"column":18}},"loc":{"start":{"line":85,"column":24},"end":{"line":90,"column":7}}},"12":{"name":"(anonymous_34)","decl":{"start":{"line":91,"column":17},"end":{"line":91,"column":18}},"loc":{"start":{"line":91,"column":21},"end":{"line":95,"column":7}}},"13":{"name":"(anonymous_35)","decl":{"start":{"line":96,"column":19},"end":{"line":96,"column":null}},"loc":{"start":{"line":96,"column":19},"end":{"line":100,"column":7}}},"14":{"name":"(anonymous_36)","decl":{"start":{"line":105,"column":12},"end":{"line":105,"column":null}},"loc":{"start":{"line":105,"column":12},"end":{"line":117,"column":3}}},"15":{"name":"(anonymous_37)","decl":{"start":{"line":106,"column":27},"end":{"line":106,"column":null}},"loc":{"start":{"line":106,"column":27},"end":{"line":114,"column":6}}},"16":{"name":"(anonymous_40)","decl":{"start":{"line":152,"column":28},"end":{"line":152,"column":29}},"loc":{"start":{"line":152,"column":32},"end":{"line":152,"column":null}}},"17":{"name":"(anonymous_41)","decl":{"start":{"line":166,"column":34},"end":{"line":166,"column":35}},"loc":{"start":{"line":166,"column":40},"end":{"line":166,"column":null}}}},"branchMap":{"0":{"loc":{"start":{"line":36,"column":4},"end":{"line":38,"column":5}},"type":"if","locations":[{"start":{"line":36,"column":4},"end":{"line":38,"column":5}}]},"1":{"loc":{"start":{"line":36,"column":9},"end":{"line":36,"column":24}},"type":"cond-expr","locations":[{"start":{"line":36,"column":20},"end":{"line":36,"column":22}},{"start":{"line":36,"column":9},"end":{"line":36,"column":24}}]},"2":{"loc":{"start":{"line":36,"column":9},"end":{"line":36,"column":22}},"type":"binary-expr","locations":[{"start":{"line":36,"column":9},"end":{"line":36,"column":22}},{"start":{"line":36,"column":9},"end":{"line":36,"column":22}}]},"3":{"loc":{"start":{"line":40,"column":4},"end":{"line":42,"column":5}},"type":"if","locations":[{"start":{"line":40,"column":4},"end":{"line":42,"column":5}}]},"4":{"loc":{"start":{"line":57,"column":4},"end":{"line":57,"column":33}},"type":"if","locations":[{"start":{"line":57,"column":4},"end":{"line":57,"column":33}}]},"5":{"loc":{"start":{"line":57,"column":9},"end":{"line":57,"column":24}},"type":"cond-expr","locations":[{"start":{"line":57,"column":20},"end":{"line":57,"column":22}},{"start":{"line":57,"column":9},"end":{"line":57,"column":24}}]},"6":{"loc":{"start":{"line":57,"column":9},"end":{"line":57,"column":22}},"type":"binary-expr","locations":[{"start":{"line":57,"column":9},"end":{"line":57,"column":22}},{"start":{"line":57,"column":9},"end":{"line":57,"column":22}}]},"7":{"loc":{"start":{"line":65,"column":4},"end":{"line":65,"column":50}},"type":"if","locations":[{"start":{"line":65,"column":4},"end":{"line":65,"column":50}}]},"8":{"loc":{"start":{"line":65,"column":8},"end":{"line":65,"column":41}},"type":"binary-expr","locations":[{"start":{"line":65,"column":8},"end":{"line":65,"column":19}},{"start":{"line":65,"column":23},"end":{"line":65,"column":41}}]},"9":{"loc":{"start":{"line":67,"column":4},"end":{"line":70,"column":5}},"type":"if","locations":[{"start":{"line":67,"column":4},"end":{"line":70,"column":5}}]},"10":{"loc":{"start":{"line":73,"column":30},"end":{"line":73,"column":61}},"type":"cond-expr","locations":[{"start":{"line":73,"column":46},"end":{"line":73,"column":54}},{"start":{"line":73,"column":57},"end":{"line":73,"column":61}}]},"11":{"loc":{"start":{"line":81,"column":4},"end":{"line":81,"column":33}},"type":"if","locations":[{"start":{"line":81,"column":4},"end":{"line":81,"column":33}}]},"12":{"loc":{"start":{"line":92,"column":24},"end":{"line":92,"column":46}},"type":"binary-expr","locations":[{"start":{"line":92,"column":24},"end":{"line":92,"column":27}},{"start":{"line":92,"column":31},"end":{"line":92,"column":46}}]},"13":{"loc":{"start":{"line":173,"column":11},"end":{"line":192,"column":null}},"type":"cond-expr","locations":[{"start":{"line":174,"column":12},"end":{"line":179,"column":null}},{"start":{"line":184,"column":12},"end":{"line":191,"column":null}}]},"14":{"loc":{"start":{"line":179,"column":24},"end":{"line":179,"column":61}},"type":"binary-expr","locations":[{"start":{"line":179,"column":24},"end":{"line":179,"column":36}},{"start":{"line":179,"column":40},"end":{"line":179,"column":46}},{"start":{"line":179,"column":50},"end":{"line":179,"column":61}}]},"15":{"loc":{"start":{"line":195,"column":11},"end":{"line":196,"column":null}},"type":"binary-expr","locations":[{"start":{"line":195,"column":11},"end":{"line":195,"column":22}},{"start":{"line":196,"column":12},"end":{"line":196,"column":69}}]}},"s":{"0":0,"1":0,"2":0,"3":0,"4":0,"5":0,"6":0,"7":0,"8":0,"9":0,"10":0,"11":0,"12":0,"13":0,"14":0,"15":0,"16":0,"17":0,"18":0,"19":0,"20":0,"21":0,"22":0,"23":0,"24":0,"25":0,"26":0,"27":0,"28":0,"29":0,"30":0,"31":0,"32":0,"33":0,"34":0,"35":0,"36":0,"37":0,"38":0,"39":0,"40":0,"41":0,"42":0,"43":0,"44":0,"45":0,"46":0,"47":0,"48":0,"49":0,"50":0,"51":0,"52":0,"53":0,"54":0,"55":0,"56":0,"57":0,"58":0,"59":0,"60":0,"61":0,"62":0,"63":0,"64":0,"65":0,"66":0,"67":0,"68":0,"69":0,"70":0,"71":0,"72":0,"73":0,"74":0,"75":0,"76":0,"77":0,"78":0,"79":0,"80":0,"81":0,"82":0,"83":0,"84":0,"85":0,"86":0,"87":0,"88":0},"f":{"0":0,"1":0,"2":0,"3":0,"4":0,"5":0,"6":0,"7":0,"8":0,"9":0,"10":0,"11":0,"12":0,"13":0,"14":0,"15":0,"16":0,"17":0},"b":{"0":[0],"1":[0,0],"2":[0,0],"3":[0],"4":[0],"5":[0,0],"6":[0,0],"7":[0],"8":[0,0],"9":[0],"10":[0,0],"11":[0],"12":[0,0],"13":[0,0],"14":[0,0,0],"15":[0,0]}}
,"/Users/chuaa/Desktop/NFR/peerprep-g03/frontend/app/pages/QuestionContent.tsx": {"path":"/Users/chuaa/Desktop/NFR/peerprep-g03/frontend/app/pages/QuestionContent.tsx","statementMap":{"0":{"start":{"line":16,"column":0},"end":{"line":16,"column":24}},"1":{"start":{"line":2,"column":0},"end":{"line":2,"column":44}},"2":{"start":{"line":4,"column":0},"end":{"line":4,"column":66}},"3":{"start":{"line":5,"column":0},"end":{"line":5,"column":66}},"4":{"start":{"line":6,"column":0},"end":{"line":6,"column":78}},"5":{"start":{"line":7,"column":0},"end":{"line":7,"column":null}},"6":{"start":{"line":14,"column":0},"end":{"line":14,"column":60}},"7":{"start":{"line":17,"column":36},"end":{"line":17,"column":60}},"8":{"start":{"line":17,"column":18},"end":{"line":17,"column":20}},"9":{"start":{"line":17,"column":32},"end":{"line":17,"column":36}},"10":{"start":{"line":18,"column":52},"end":{"line":18,"column":76}},"11":{"start":{"line":18,"column":26},"end":{"line":18,"column":28}},"12":{"start":{"line":18,"column":48},"end":{"line":18,"column":52}},"13":{"start":{"line":19,"column":50},"end":{"line":20,"column":null}},"14":{"start":{"line":19,"column":25},"end":{"line":19,"column":27}},"15":{"start":{"line":19,"column":46},"end":{"line":19,"column":50}},"16":{"start":{"line":22,"column":38},"end":{"line":22,"column":50}},"17":{"start":{"line":22,"column":19},"end":{"line":22,"column":21}},"18":{"start":{"line":22,"column":34},"end":{"line":22,"column":38}},"19":{"start":{"line":23,"column":38},"end":{"line":23,"column":60}},"20":{"start":{"line":23,"column":19},"end":{"line":23,"column":21}},"21":{"start":{"line":23,"column":34},"end":{"line":23,"column":38}},"22":{"start":{"line":24,"column":32},"end":{"line":24,"column":47}},"23":{"start":{"line":24,"column":16},"end":{"line":24,"column":18}},"24":{"start":{"line":24,"column":28},"end":{"line":24,"column":32}},"25":{"start":{"line":25,"column":44},"end":{"line":25,"column":59}},"26":{"start":{"line":25,"column":23},"end":{"line":25,"column":25}},"27":{"start":{"line":25,"column":40},"end":{"line":25,"column":44}},"28":{"start":{"line":26,"column":38},"end":{"line":31,"column":4}},"29":{"start":{"line":26,"column":19},"end":{"line":26,"column":21}},"30":{"start":{"line":26,"column":34},"end":{"line":26,"column":38}},"31":{"start":{"line":33,"column":2},"end":{"line":35,"column":9}},"32":{"start":{"line":34,"column":4},"end":{"line":34,"column":20}},"33":{"start":{"line":37,"column":24},"end":{"line":49,"column":4}},"34":{"start":{"line":38,"column":4},"end":{"line":38,"column":21}},"35":{"start":{"line":40,"column":19},"end":{"line":40,"column":null}},"36":{"start":{"line":40,"column":12},"end":{"line":40,"column":null}},"37":{"start":{"line":41,"column":6},"end":{"line":41,"column":25}},"38":{"start":{"line":42,"column":6},"end":{"line":42,"column":33}},"39":{"start":{"line":43,"column":6},"end":{"line":43,"column":45}},"40":{"start":{"line":45,"column":6},"end":{"line":45,"column":56}},"41":{"start":{"line":47,"column":6},"end":{"line":47,"column":24}},"42":{"start":{"line":51,"column":28},"end":{"line":54,"column":3}},"43":{"start":{"line":52,"column":4},"end":{"line":52,"column":30}},"44":{"start":{"line":53,"column":4},"end":{"line":53,"column":26}},"45":{"start":{"line":56,"column":29},"end":{"line":59,"column":3}},"46":{"start":{"line":57,"column":4},"end":{"line":57,"column":34}},"47":{"start":{"line":58,"column":4},"end":{"line":58,"column":26}},"48":{"start":{"line":61,"column":29},"end":{"line":88,"column":4}},"49":{"start":{"line":61,"column":57},"end":{"line":88,"column":4}},"50":{"start":{"line":62,"column":4},"end":{"line":62,"column":21}},"51":{"start":{"line":64,"column":10},"end":{"line":64,"column":27}},"52":{"start":{"line":65,"column":10},"end":{"line":65,"column":26}},"53":{"start":{"line":67,"column":28},"end":{"line":70,"column":null}},"54":{"start":{"line":67,"column":14},"end":{"line":70,"column":null}},"55":{"start":{"line":71,"column":8},"end":{"line":73,"column":10}},"56":{"start":{"line":72,"column":10},"end":{"line":72,"column":null}},"57":{"start":{"line":76,"column":32},"end":{"line":76,"column":null}},"58":{"start":{"line":76,"column":14},"end":{"line":76,"column":null}},"59":{"start":{"line":77,"column":8},"end":{"line":77,"column":59}},"60":{"start":{"line":79,"column":6},"end":{"line":79,"column":37}},"61":{"start":{"line":80,"column":6},"end":{"line":80,"column":45}},"62":{"start":{"line":81,"column":6},"end":{"line":81,"column":57}},"63":{"start":{"line":82,"column":6},"end":{"line":82,"column":29}},"64":{"start":{"line":84,"column":6},"end":{"line":84,"column":52}},"65":{"start":{"line":86,"column":6},"end":{"line":86,"column":24}},"66":{"start":{"line":90,"column":31},"end":{"line":103,"column":4}},"67":{"start":{"line":90,"column":48},"end":{"line":103,"column":4}},"68":{"start":{"line":91,"column":4},"end":{"line":91,"column":21}},"69":{"start":{"line":93,"column":6},"end":{"line":93,"column":31}},"70":{"start":{"line":94,"column":12},"end":{"line":94,"column":69}},"71":{"start":{"line":94,"column":55},"end":{"line":94,"column":68}},"72":{"start":{"line":95,"column":6},"end":{"line":95,"column":37}},"73":{"start":{"line":96,"column":6},"end":{"line":96,"column":45}},"74":{"start":{"line":97,"column":6},"end":{"line":97,"column":57}},"75":{"start":{"line":99,"column":6},"end":{"line":99,"column":54}},"76":{"start":{"line":101,"column":6},"end":{"line":101,"column":24}},"77":{"start":{"line":105,"column":23},"end":{"line":116,"column":3}},"78":{"start":{"line":106,"column":4},"end":{"line":109,"column":5}},"79":{"start":{"line":107,"column":6},"end":{"line":107,"column":38}},"80":{"start":{"line":108,"column":6},"end":{"line":108,"column":13}},"81":{"start":{"line":111,"column":21},"end":{"line":112,"column":null}},"82":{"start":{"line":112,"column":6},"end":{"line":112,"column":null}},"83":{"start":{"line":114,"column":4},"end":{"line":114,"column":35}},"84":{"start":{"line":115,"column":4},"end":{"line":115,"column":55}},"85":{"start":{"line":115,"column":28},"end":{"line":115,"column":54}},"86":{"start":{"line":118,"column":28},"end":{"line":120,"column":3}},"87":{"start":{"line":119,"column":4},"end":{"line":119,"column":36}},"88":{"start":{"line":122,"column":2},"end":{"line":146,"column":4}},"89":{"start":{"line":140,"column":23},"end":{"line":140,"column":null}}},"fnMap":{"0":{"name":"QuestionContent","decl":{"start":{"line":16,"column":24},"end":{"line":16,"column":39}},"loc":{"start":{"line":16,"column":39},"end":{"line":147,"column":1}}},"1":{"name":"(anonymous_18)","decl":{"start":{"line":33,"column":12},"end":{"line":33,"column":null}},"loc":{"start":{"line":33,"column":12},"end":{"line":35,"column":3}}},"2":{"name":"(anonymous_19)","decl":{"start":{"line":37,"column":24},"end":{"line":37,"column":null}},"loc":{"start":{"line":37,"column":24},"end":{"line":49,"column":4}}},"3":{"name":"(anonymous_22)","decl":{"start":{"line":51,"column":28},"end":{"line":51,"column":null}},"loc":{"start":{"line":51,"column":28},"end":{"line":54,"column":3}}},"4":{"name":"(anonymous_23)","decl":{"start":{"line":56,"column":29},"end":{"line":56,"column":30}},"loc":{"start":{"line":56,"column":48},"end":{"line":59,"column":3}}},"5":{"name":"(anonymous_24)","decl":{"start":{"line":61,"column":29},"end":{"line":61,"column":36}},"loc":{"start":{"line":61,"column":57},"end":{"line":88,"column":4}}},"6":{"name":"(anonymous_25)","decl":{"start":{"line":61,"column":57},"end":{"line":61,"column":null}},"loc":{"start":{"line":61,"column":57},"end":{"line":88,"column":4}}},"7":{"name":"(anonymous_27)","decl":{"start":{"line":71,"column":41},"end":{"line":71,"column":42}},"loc":{"start":{"line":71,"column":43},"end":{"line":72,"column":11}}},"8":{"name":"(anonymous_28)","decl":{"start":{"line":90,"column":31},"end":{"line":90,"column":38}},"loc":{"start":{"line":90,"column":48},"end":{"line":103,"column":4}}},"9":{"name":"(anonymous_29)","decl":{"start":{"line":90,"column":48},"end":{"line":90,"column":null}},"loc":{"start":{"line":90,"column":48},"end":{"line":103,"column":4}}},"10":{"name":"(anonymous_31)","decl":{"start":{"line":94,"column":48},"end":{"line":94,"column":49}},"loc":{"start":{"line":94,"column":50},"end":{"line":94,"column":56}}},"11":{"name":"(anonymous_32)","decl":{"start":{"line":105,"column":23},"end":{"line":105,"column":null}},"loc":{"start":{"line":105,"column":23},"end":{"line":116,"column":3}}},"12":{"name":"(anonymous_33)","decl":{"start":{"line":111,"column":38},"end":{"line":111,"column":39}},"loc":{"start":{"line":111,"column":47},"end":{"line":112,"column":14}}},"13":{"name":"(anonymous_34)","decl":{"start":{"line":115,"column":18},"end":{"line":115,"column":19}},"loc":{"start":{"line":115,"column":23},"end":{"line":115,"column":34}}},"14":{"name":"(anonymous_35)","decl":{"start":{"line":118,"column":28},"end":{"line":118,"column":29}},"loc":{"start":{"line":118,"column":68},"end":{"line":120,"column":3}}},"15":{"name":"(anonymous_36)","decl":{"start":{"line":140,"column":17},"end":{"line":140,"column":23}},"loc":{"start":{"line":140,"column":17},"end":{"line":140,"column":38}}}},"branchMap":{"0":{"loc":{"start":{"line":76,"column":32},"end":{"line":76,"column":null}},"type":"switch","locations":[{"start":{"line":76,"column":32},"end":{"line":76,"column":null}}]},"1":{"loc":{"start":{"line":65,"column":10},"end":{"line":65,"column":26}},"type":"if","locations":[{"start":{"line":65,"column":10},"end":{"line":65,"column":26}}]},"2":{"loc":{"start":{"line":72,"column":10},"end":{"line":72,"column":53}},"type":"cond-expr","locations":[{"start":{"line":72,"column":38},"end":{"line":72,"column":49}},{"start":{"line":72,"column":52},"end":{"line":72,"column":53}}]},"3":{"loc":{"start":{"line":106,"column":4},"end":{"line":109,"column":5}},"type":"if","locations":[{"start":{"line":106,"column":4},"end":{"line":109,"column":5}}]}},"s":{"0":0,"1":0,"2":0,"3":0,"4":0,"5":0,"6":0,"7":0,"8":0,"9":0,"10":0,"11":0,"12":0,"13":0,"14":0,"15":0,"16":0,"17":0,"18":0,"19":0,"20":0,"21":0,"22":0,"23":0,"24":0,"25":0,"26":0,"27":0,"28":0,"29":0,"30":0,"31":0,"32":0,"33":0,"34":0,"35":0,"36":0,"37":0,"38":0,"39":0,"40":0,"41":0,"42":0,"43":0,"44":0,"45":0,"46":0,"47":0,"48":0,"49":0,"50":0,"51":0,"52":0,"53":0,"54":0,"55":0,"56":0,"57":0,"58":0,"59":0,"60":0,"61":0,"62":0,"63":0,"64":0,"65":0,"66":0,"67":0,"68":0,"69":0,"70":0,"71":0,"72":0,"73":0,"74":0,"75":0,"76":0,"77":0,"78":0,"79":0,"80":0,"81":0,"82":0,"83":0,"84":0,"85":0,"86":0,"87":0,"88":0,"89":0},"f":{"0":0,"1":0,"2":0,"3":0,"4":0,"5":0,"6":0,"7":0,"8":0,"9":0,"10":0,"11":0,"12":0,"13":0,"14":0,"15":0},"b":{"0":[0],"1":[0],"2":[0,0],"3":[0]}}
,"/Users/chuaa/Desktop/NFR/peerprep-g03/frontend/app/pages/RegisterContent.tsx": {"path":"/Users/chuaa/Desktop/NFR/peerprep-g03/frontend/app/pages/RegisterContent.tsx","statementMap":{"0":{"start":{"line":1,"column":0},"end":{"line":1,"column":77}},"1":{"start":{"line":2,"column":0},"end":{"line":2,"column":71}},"2":{"start":{"line":3,"column":0},"end":{"line":3,"column":33}},"3":{"start":{"line":4,"column":0},"end":{"line":4,"column":49}},"4":{"start":{"line":5,"column":0},"end":{"line":5,"column":57}},"5":{"start":{"line":7,"column":24},"end":{"line":7,"column":35}},"6":{"start":{"line":9,"column":34},"end":{"line":116,"column":1}},"7":{"start":{"line":10,"column":32},"end":{"line":10,"column":47}},"8":{"start":{"line":10,"column":16},"end":{"line":10,"column":18}},"9":{"start":{"line":10,"column":28},"end":{"line":10,"column":32}},"10":{"start":{"line":11,"column":19},"end":{"line":11,"column":32}},"11":{"start":{"line":13,"column":19},"end":{"line":33,"column":4}},"12":{"start":{"line":17,"column":3},"end":{"line":33,"column":4}},"13":{"start":{"line":18,"column":4},"end":{"line":18,"column":21}},"14":{"start":{"line":20,"column":21},"end":{"line":20,"column":null}},"15":{"start":{"line":20,"column":12},"end":{"line":20,"column":null}},"16":{"start":{"line":21,"column":6},"end":{"line":26,"column":7}},"17":{"start":{"line":22,"column":8},"end":{"line":22,"column":71}},"18":{"start":{"line":23,"column":8},"end":{"line":23,"column":27}},"19":{"start":{"line":25,"column":8},"end":{"line":25,"column":63}},"20":{"start":{"line":28,"column":6},"end":{"line":28,"column":25}},"21":{"start":{"line":29,"column":6},"end":{"line":29,"column":49}},"22":{"start":{"line":31,"column":6},"end":{"line":31,"column":24}},"23":{"start":{"line":35,"column":2},"end":{"line":115,"column":4}},"24":{"start":{"line":118,"column":52},"end":{"line":151,"column":2}},"25":{"start":{"line":153,"column":0},"end":{"line":153,"column":31}}},"fnMap":{"0":{"name":"(anonymous_13)","decl":{"start":{"line":9,"column":34},"end":{"line":9,"column":null}},"loc":{"start":{"line":9,"column":34},"end":{"line":116,"column":1}}},"1":{"name":"(anonymous_14)","decl":{"start":{"line":13,"column":19},"end":{"line":13,"column":26}},"loc":{"start":{"line":17,"column":3},"end":{"line":33,"column":4}}},"2":{"name":"(anonymous_15)","decl":{"start":{"line":17,"column":3},"end":{"line":17,"column":null}},"loc":{"start":{"line":17,"column":3},"end":{"line":33,"column":4}}}},"branchMap":{"0":{"loc":{"start":{"line":21,"column":6},"end":{"line":26,"column":7}},"type":"if","locations":[{"start":{"line":21,"column":6},"end":{"line":26,"column":7}},{"start":{"line":24,"column":13},"end":{"line":26,"column":7}}]},"1":{"loc":{"start":{"line":25,"column":22},"end":{"line":25,"column":61}},"type":"binary-expr","locations":[{"start":{"line":25,"column":22},"end":{"line":25,"column":36}},{"start":{"line":25,"column":40},"end":{"line":25,"column":61}}]}},"s":{"0":1,"1":1,"2":1,"3":1,"4":1,"5":2,"6":1,"7":10,"8":10,"9":10,"10":10,"11":10,"12":0,"13":0,"14":0,"15":0,"16":0,"17":0,"18":0,"19":0,"20":0,"21":0,"22":0,"23":10,"24":1,"25":1},"f":{"0":10,"1":0,"2":0},"b":{"0":[0,0],"1":[0,0]}}
,"/Users/chuaa/Desktop/NFR/peerprep-g03/frontend/app/routes/collab.tsx": {"path":"/Users/chuaa/Desktop/NFR/peerprep-g03/frontend/app/routes/collab.tsx","statementMap":{"0":{"start":{"line":5,"column":0},"end":{"line":5,"column":24}},"1":{"start":{"line":1,"column":0},"end":{"line":1,"column":64}},"2":{"start":{"line":2,"column":0},"end":{"line":2,"column":51}},"3":{"start":{"line":6,"column":2},"end":{"line":10,"column":4}}},"fnMap":{"0":{"name":"Collab","decl":{"start":{"line":5,"column":24},"end":{"line":5,"column":30}},"loc":{"start":{"line":5,"column":30},"end":{"line":11,"column":1}}}},"branchMap":{},"s":{"0":0,"1":0,"2":0,"3":0},"f":{"0":0},"b":{}}
,"/Users/chuaa/Desktop/NFR/peerprep-g03/frontend/app/routes/home.tsx": {"path":"/Users/chuaa/Desktop/NFR/peerprep-g03/frontend/app/routes/home.tsx","statementMap":{"0":{"start":{"line":4,"column":0},"end":{"line":4,"column":16}},"1":{"start":{"line":11,"column":0},"end":{"line":11,"column":24}},"2":{"start":{"line":1,"column":0},"end":{"line":1,"column":64}},"3":{"start":{"line":2,"column":0},"end":{"line":2,"column":47}},"4":{"start":{"line":5,"column":2},"end":{"line":8,"column":4}},"5":{"start":{"line":12,"column":2},"end":{"line":16,"column":4}}},"fnMap":{"0":{"name":"meta","decl":{"start":{"line":4,"column":16},"end":{"line":4,"column":20}},"loc":{"start":{"line":4,"column":20},"end":{"line":9,"column":1}}},"1":{"name":"Home","decl":{"start":{"line":11,"column":24},"end":{"line":11,"column":28}},"loc":{"start":{"line":11,"column":28},"end":{"line":17,"column":1}}}},"branchMap":{},"s":{"0":0,"1":0,"2":0,"3":0,"4":0,"5":0},"f":{"0":0,"1":0},"b":{}}
,"/Users/chuaa/Desktop/NFR/peerprep-g03/frontend/app/routes/login.tsx": {"path":"/Users/chuaa/Desktop/NFR/peerprep-g03/frontend/app/routes/login.tsx","statementMap":{"0":{"start":{"line":3,"column":0},"end":{"line":3,"column":16}},"1":{"start":{"line":10,"column":0},"end":{"line":10,"column":24}},"2":{"start":{"line":1,"column":0},"end":{"line":1,"column":49}},"3":{"start":{"line":4,"column":2},"end":{"line":7,"column":4}},"4":{"start":{"line":11,"column":2},"end":{"line":11,"column":26}}},"fnMap":{"0":{"name":"meta","decl":{"start":{"line":3,"column":16},"end":{"line":3,"column":20}},"loc":{"start":{"line":3,"column":20},"end":{"line":8,"column":1}}},"1":{"name":"Login","decl":{"start":{"line":10,"column":24},"end":{"line":10,"column":29}},"loc":{"start":{"line":10,"column":29},"end":{"line":12,"column":1}}}},"branchMap":{},"s":{"0":0,"1":0,"2":0,"3":0,"4":0},"f":{"0":0,"1":0},"b":{}}
,"/Users/chuaa/Desktop/NFR/peerprep-g03/frontend/app/routes/match.tsx": {"path":"/Users/chuaa/Desktop/NFR/peerprep-g03/frontend/app/routes/match.tsx","statementMap":{"0":{"start":{"line":4,"column":0},"end":{"line":4,"column":16}},"1":{"start":{"line":11,"column":0},"end":{"line":11,"column":24}},"2":{"start":{"line":1,"column":0},"end":{"line":1,"column":64}},"3":{"start":{"line":2,"column":0},"end":{"line":2,"column":49}},"4":{"start":{"line":5,"column":2},"end":{"line":8,"column":4}},"5":{"start":{"line":12,"column":2},"end":{"line":16,"column":4}}},"fnMap":{"0":{"name":"meta","decl":{"start":{"line":4,"column":16},"end":{"line":4,"column":20}},"loc":{"start":{"line":4,"column":20},"end":{"line":9,"column":1}}},"1":{"name":"Question","decl":{"start":{"line":11,"column":24},"end":{"line":11,"column":32}},"loc":{"start":{"line":11,"column":32},"end":{"line":17,"column":1}}}},"branchMap":{},"s":{"0":0,"1":0,"2":0,"3":0,"4":0,"5":0},"f":{"0":0,"1":0},"b":{}}
,"/Users/chuaa/Desktop/NFR/peerprep-g03/frontend/app/routes/profile.tsx": {"path":"/Users/chuaa/Desktop/NFR/peerprep-g03/frontend/app/routes/profile.tsx","statementMap":{"0":{"start":{"line":4,"column":0},"end":{"line":4,"column":16}},"1":{"start":{"line":11,"column":0},"end":{"line":11,"column":24}},"2":{"start":{"line":1,"column":0},"end":{"line":1,"column":65}},"3":{"start":{"line":2,"column":0},"end":{"line":2,"column":53}},"4":{"start":{"line":5,"column":2},"end":{"line":8,"column":4}},"5":{"start":{"line":12,"column":2},"end":{"line":16,"column":4}}},"fnMap":{"0":{"name":"meta","decl":{"start":{"line":4,"column":16},"end":{"line":4,"column":20}},"loc":{"start":{"line":4,"column":20},"end":{"line":9,"column":1}}},"1":{"name":"Question","decl":{"start":{"line":11,"column":24},"end":{"line":11,"column":32}},"loc":{"start":{"line":11,"column":32},"end":{"line":17,"column":1}}}},"branchMap":{},"s":{"0":0,"1":0,"2":0,"3":0,"4":0,"5":0},"f":{"0":0,"1":0},"b":{}}
,"/Users/chuaa/Desktop/NFR/peerprep-g03/frontend/app/routes/question.tsx": {"path":"/Users/chuaa/Desktop/NFR/peerprep-g03/frontend/app/routes/question.tsx","statementMap":{"0":{"start":{"line":4,"column":0},"end":{"line":4,"column":16}},"1":{"start":{"line":11,"column":0},"end":{"line":11,"column":24}},"2":{"start":{"line":1,"column":0},"end":{"line":1,"column":64}},"3":{"start":{"line":2,"column":0},"end":{"line":2,"column":55}},"4":{"start":{"line":5,"column":2},"end":{"line":8,"column":4}},"5":{"start":{"line":12,"column":2},"end":{"line":16,"column":4}}},"fnMap":{"0":{"name":"meta","decl":{"start":{"line":4,"column":16},"end":{"line":4,"column":20}},"loc":{"start":{"line":4,"column":20},"end":{"line":9,"column":1}}},"1":{"name":"Question","decl":{"start":{"line":11,"column":24},"end":{"line":11,"column":32}},"loc":{"start":{"line":11,"column":32},"end":{"line":17,"column":1}}}},"branchMap":{},"s":{"0":0,"1":0,"2":0,"3":0,"4":0,"5":0},"f":{"0":0,"1":0},"b":{}}
,"/Users/chuaa/Desktop/NFR/peerprep-g03/frontend/app/routes/register.tsx": {"path":"/Users/chuaa/Desktop/NFR/peerprep-g03/frontend/app/routes/register.tsx","statementMap":{"0":{"start":{"line":3,"column":0},"end":{"line":3,"column":16}},"1":{"start":{"line":10,"column":0},"end":{"line":10,"column":24}},"2":{"start":{"line":1,"column":0},"end":{"line":1,"column":55}},"3":{"start":{"line":4,"column":2},"end":{"line":7,"column":4}},"4":{"start":{"line":11,"column":2},"end":{"line":11,"column":29}}},"fnMap":{"0":{"name":"meta","decl":{"start":{"line":3,"column":16},"end":{"line":3,"column":20}},"loc":{"start":{"line":3,"column":20},"end":{"line":8,"column":1}}},"1":{"name":"Login","decl":{"start":{"line":10,"column":24},"end":{"line":10,"column":29}},"loc":{"start":{"line":10,"column":29},"end":{"line":12,"column":1}}}},"branchMap":{},"s":{"0":0,"1":0,"2":0,"3":0,"4":0},"f":{"0":0,"1":0},"b":{}}
,"/Users/chuaa/Desktop/NFR/peerprep-g03/frontend/app/services/auth-services.ts": {"path":"/Users/chuaa/Desktop/NFR/peerprep-g03/frontend/app/services/auth-services.ts","statementMap":{"0":{"start":{"line":1,"column":0},"end":{"line":1,"column":42}},"1":{"start":{"line":2,"column":0},"end":{"line":2,"column":42}},"2":{"start":{"line":7,"column":28},"end":{"line":38,"column":2}},"3":{"start":{"line":11,"column":1},"end":{"line":38,"column":2}},"4":{"start":{"line":13,"column":21},"end":{"line":16,"column":null}},"5":{"start":{"line":13,"column":10},"end":{"line":16,"column":null}},"6":{"start":{"line":18,"column":4},"end":{"line":30,"column":5}},"7":{"start":{"line":19,"column":6},"end":{"line":23,"column":8}},"8":{"start":{"line":25,"column":6},"end":{"line":29,"column":8}},"9":{"start":{"line":32,"column":10},"end":{"line":32,"column":58}},"10":{"start":{"line":33,"column":10},"end":{"line":34,"column":76}},"11":{"start":{"line":36,"column":4},"end":{"line":36,"column":51}},"12":{"start":{"line":7,"column":13},"end":{"line":7,"column":28}},"13":{"start":{"line":43,"column":25},"end":{"line":73,"column":2}},"14":{"start":{"line":46,"column":1},"end":{"line":73,"column":2}},"15":{"start":{"line":48,"column":21},"end":{"line":51,"column":null}},"16":{"start":{"line":48,"column":10},"end":{"line":51,"column":null}},"17":{"start":{"line":53,"column":4},"end":{"line":65,"column":5}},"18":{"start":{"line":54,"column":6},"end":{"line":58,"column":8}},"19":{"start":{"line":60,"column":6},"end":{"line":64,"column":8}},"20":{"start":{"line":67,"column":10},"end":{"line":67,"column":58}},"21":{"start":{"line":68,"column":10},"end":{"line":69,"column":76}},"22":{"start":{"line":71,"column":4},"end":{"line":71,"column":51}},"23":{"start":{"line":43,"column":13},"end":{"line":43,"column":25}},"24":{"start":{"line":78,"column":27},"end":{"line":85,"column":2}},"25":{"start":{"line":78,"column":47},"end":{"line":85,"column":2}},"26":{"start":{"line":79,"column":19},"end":{"line":83,"column":null}},"27":{"start":{"line":79,"column":8},"end":{"line":83,"column":null}},"28":{"start":{"line":84,"column":2},"end":{"line":84,"column":23}},"29":{"start":{"line":78,"column":13},"end":{"line":78,"column":27}}},"fnMap":{"0":{"name":"(anonymous_14)","decl":{"start":{"line":7,"column":28},"end":{"line":7,"column":35}},"loc":{"start":{"line":11,"column":1},"end":{"line":38,"column":2}}},"1":{"name":"(anonymous_15)","decl":{"start":{"line":11,"column":1},"end":{"line":11,"column":null}},"loc":{"start":{"line":11,"column":1},"end":{"line":38,"column":2}}},"2":{"name":"(anonymous_17)","decl":{"start":{"line":43,"column":25},"end":{"line":43,"column":32}},"loc":{"start":{"line":46,"column":1},"end":{"line":73,"column":2}}},"3":{"name":"(anonymous_18)","decl":{"start":{"line":46,"column":1},"end":{"line":46,"column":null}},"loc":{"start":{"line":46,"column":1},"end":{"line":73,"column":2}}},"4":{"name":"(anonymous_20)","decl":{"start":{"line":78,"column":27},"end":{"line":78,"column":34}},"loc":{"start":{"line":78,"column":47},"end":{"line":85,"column":2}}},"5":{"name":"(anonymous_21)","decl":{"start":{"line":78,"column":47},"end":{"line":78,"column":null}},"loc":{"start":{"line":78,"column":47},"end":{"line":85,"column":2}}}},"branchMap":{"0":{"loc":{"start":{"line":18,"column":4},"end":{"line":30,"column":5}},"type":"if","locations":[{"start":{"line":18,"column":4},"end":{"line":30,"column":5}},{"start":{"line":24,"column":11},"end":{"line":30,"column":5}}]},"1":{"loc":{"start":{"line":18,"column":8},"end":{"line":18,"column":56}},"type":"binary-expr","locations":[{"start":{"line":18,"column":8},"end":{"line":18,"column":31}},{"start":{"line":18,"column":35},"end":{"line":18,"column":54}}]},"2":{"loc":{"start":{"line":18,"column":35},"end":{"line":18,"column":54}},"type":"cond-expr","locations":[{"start":{"line":18,"column":48},"end":{"line":18,"column":50}},{"start":{"line":18,"column":48},"end":{"line":18,"column":54}}]},"3":{"loc":{"start":{"line":18,"column":35},"end":{"line":18,"column":50}},"type":"binary-expr","locations":[{"start":{"line":18,"column":35},"end":{"line":18,"column":50}},{"start":{"line":18,"column":48},"end":{"line":18,"column":50}}]},"4":{"loc":{"start":{"line":22,"column":17},"end":{"line":22,"col
[...]
mn":null}},"loc":{"start":{"line":49,"column":15},"end":{"line":88,"column":2}}},"4":{"name":"(anonymous_20)","decl":{"start":{"line":90,"column":26},"end":{"line":90,"column":33}},"loc":{"start":{"line":90,"column":62},"end":{"line":118,"column":null}}},"5":{"name":"(anonymous_21)","decl":{"start":{"line":90,"column":62},"end":{"line":90,"column":null}},"loc":{"start":{"line":90,"column":62},"end":{"line":118,"column":null}}}},"branchMap":{"0":{"loc":{"start":{"line":16,"column":4},"end":{"line":28,"column":5}},"type":"if","locations":[{"start":{"line":16,"column":4},"end":{"line":28,"column":5}},{"start":{"line":22,"column":11},"end":{"line":28,"column":5}}]},"1":{"loc":{"start":{"line":16,"column":8},"end":{"line":16,"column":48}},"type":"binary-expr","locations":[{"start":{"line":16,"column":8},"end":{"line":16,"column":31}},{"start":{"line":16,"column":35},"end":{"line":16,"column":48}}]},"2":{"loc":{"start":{"line":20,"column":17},"end":{"line":20,"column":76}},"type":"binary-expr","locations":[{"start":{"line":20,"column":17},"end":{"line":20,"column":38}},{"start":{"line":20,"column":42},"end":{"line":20,"column":76}}]},"3":{"loc":{"start":{"line":26,"column":17},"end":{"line":26,"column":71}},"type":"binary-expr","locations":[{"start":{"line":26,"column":17},"end":{"line":26,"column":39}},{"start":{"line":26,"column":43},"end":{"line":26,"column":71}}]},"4":{"loc":{"start":{"line":26,"column":17},"end":{"line":26,"column":39}},"type":"cond-expr","locations":[{"start":{"line":26,"column":30},"end":{"line":26,"column":32}},{"start":{"line":26,"column":30},"end":{"line":26,"column":39}}]},"5":{"loc":{"start":{"line":26,"column":17},"end":{"line":26,"column":32}},"type":"binary-expr","locations":[{"start":{"line":26,"column":17},"end":{"line":26,"column":32}},{"start":{"line":26,"column":30},"end":{"line":26,"column":32}}]},"6":{"loc":{"start":{"line":32,"column":6},"end":{"line":32,"column":75}},"type":"binary-expr","locations":[{"start":{"line":32,"column":6},"end":{"line":32,"column":34}},{"start":{"line":32,"column":38},"end":{"line":32,"column":49}},{"start":{"line":32,"column":53},"end":{"line":32,"column":75}}]},"7":{"loc":{"start":{"line":32,"column":6},"end":{"line":32,"column":34}},"type":"cond-expr","locations":[{"start":{"line":32,"column":25},"end":{"line":32,"column":27}},{"start":{"line":32,"column":25},"end":{"line":32,"column":34}}]},"8":{"loc":{"start":{"line":32,"column":6},"end":{"line":32,"column":27}},"type":"binary-expr","locations":[{"start":{"line":32,"column":6},"end":{"line":32,"column":27}},{"start":{"line":32,"column":25},"end":{"line":32,"column":27}}]},"9":{"loc":{"start":{"line":32,"column":6},"end":{"line":32,"column":25}},"type":"cond-expr","locations":[{"start":{"line":32,"column":19},"end":{"line":32,"column":21}},{"start":{"line":32,"column":19},"end":{"line":32,"column":25}}]},"10":{"loc":{"start":{"line":32,"column":6},"end":{"line":32,"column":21}},"type":"binary-expr","locations":[{"start":{"line":32,"column":6},"end":{"line":32,"column":21}},{"start":{"line":32,"column":19},"end":{"line":32,"column":21}}]},"11":{"loc":{"start":{"line":32,"column":6},"end":{"line":32,"column":19}},"type":"cond-expr","locations":[{"start":{"line":32,"column":9},"end":{"line":32,"column":11}},{"start":{"line":32,"column":6},"end":{"line":32,"column":19}}]},"12":{"loc":{"start":{"line":32,"column":6},"end":{"line":32,"column":11}},"type":"binary-expr","locations":[{"start":{"line":32,"column":6},"end":{"line":32,"column":11}},{"start":{"line":32,"column":6},"end":{"line":32,"column":11}}]},"13":{"loc":{"start":{"line":62,"column":4},"end":{"line":76,"column":5}},"type":"if","locations":[{"start":{"line":62,"column":4},"end":{"line":76,"column":5}},{"start":{"line":70,"column":11},"end":{"line":76,"column":5}}]},"14":{"loc":{"start":{"line":62,"column":8},"end":{"line":62,"column":56}},"type":"binary-expr","locations":[{"start":{"line":62,"column":8},"end":{"line":62,"column":31}},{"start":{"line":62,"column":35},"end":{"line":62,"column":54}}]},"15":{"loc":{"start":{"line":62,"column":35},"end":{"line":62,"column":54}},"type":"cond-expr","locations":[{"start":{"line":62,"column":48},"end":{"line":62,"column":50}},{"start":{"line":62,"column":48},"end":{"line":62,"column":54}}]},"16":{"loc":{"start":{"line":62,"column":35},"end":{"line":62,"column":50}},"type":"binary-expr","locations":[{"start":{"line":62,"column":35},"end":{"line":62,"column":50}},{"start":{"line":62,"column":48},"end":{"line":62,"column":50}}]},"17":{"loc":{"start":{"line":67,"column":10},"end":{"line":68,"column":69}},"type":"binary-expr","locations":[{"start":{"line":67,"column":10},"end":{"line":67,"column":31}},{"start":{"line":68,"column":10},"end":{"line":68,"column":69}}]},"18":{"loc":{"start":{"line":74,"column":17},"end":{"line":74,"column":72}},"type":"binary-expr","locations":[{"start":{"line":74,"column":17},"end":{"line":74,"column":39}},{"start":{"line":74,"column":43},"end":{"line":74,"column":72}}]},"19":{"loc":{"start":{"line":74,"column":17},"end":{"line":74,"column":39}},"type":"cond-expr","locations":[{"start":{"line":74,"column":30},"end":{"line":74,"column":32}},{"start":{"line":74,"column":30},"end":{"line":74,"column":39}}]},"20":{"loc":{"start":{"line":74,"column":17},"end":{"line":74,"column":32}},"type":"binary-expr","locations":[{"start":{"line":74,"column":17},"end":{"line":74,"column":32}},{"start":{"line":74,"column":30},"end":{"line":74,"column":32}}]},"21":{"loc":{"start":{"line":80,"column":6},"end":{"line":80,"column":76}},"type":"binary-expr","locations":[{"start":{"line":80,"column":6},"end":{"line":80,"column":34}},{"start":{"line":80,"column":38},"end":{"line":80,"column":49}},{"start":{"line":80,"column":53},"end":{"line":80,"column":76}}]},"22":{"loc":{"start":{"line":80,"column":6},"end":{"line":80,"column":34}},"type":"cond-expr","locations":[{"start":{"line":80,"column":25},"end":{"line":80,"column":27}},{"start":{"line":80,"column":25},"end":{"line":80,"column":34}}]},"23":{"loc":{"start":{"line":80,"column":6},"end":{"line":80,"column":27}},"type":"binary-expr","locations":[{"start":{"line":80,"column":6},"end":{"line":80,"column":27}},{"start":{"line":80,"column":25},"end":{"line":80,"column":27}}]},"24":{"loc":{"start":{"line":80,"column":6},"end":{"line":80,"column":25}},"type":"cond-expr","locations":[{"start":{"line":80,"column":19},"end":{"line":80,"column":21}},{"start":{"line":80,"column":19},"end":{"line":80,"column":25}}]},"25":{"loc":{"start":{"line":80,"column":6},"end":{"line":80,"column":21}},"type":"binary-expr","locations":[{"start":{"line":80,"column":6},"end":{"line":80,"column":21}},{"start":{"line":80,"column":19},"end":{"line":80,"column":21}}]},"26":{"loc":{"start":{"line":80,"column":6},"end":{"line":80,"column":19}},"type":"cond-expr","locations":[{"start":{"line":80,"column":9},"end":{"line":80,"column":11}},{"start":{"line":80,"column":6},"end":{"line":80,"column":19}}]},"27":{"loc":{"start":{"line":80,"column":6},"end":{"line":80,"column":11}},"type":"binary-expr","locations":[{"start":{"line":80,"column":6},"end":{"line":80,"column":11}},{"start":{"line":80,"column":6},"end":{"line":80,"column":11}}]},"28":{"loc":{"start":{"line":98,"column":4},"end":{"line":110,"column":5}},"type":"if","locations":[{"start":{"line":98,"column":4},"end":{"line":110,"column":5}},{"start":{"line":104,"column":11},"end":{"line":110,"column":5}}]},"29":{"loc":{"start":{"line":98,"column":8},"end":{"line":98,"column":48}},"type":"binary-expr","locations":[{"start":{"line":98,"column":8},"end":{"line":98,"column":31}},{"start":{"line":98,"column":35},"end":{"line":98,"column":48}}]},"30":{"loc":{"start":{"line":102,"column":17},"end":{"line":102,"column":69}},"type":"binary-expr","locations":[{"start":{"line":102,"column":17},"end":{"line":102,"column":38}},{"start":{"line":102,"column":42},"end":{"line":102,"column":69}}]},"31":{"loc":{"start":{"line":108,"column":17},"end":{"line":108,"column":71}},"type":"binary-expr","locations":[{"start":{"line":108,"column":17},"end":{"line":108,"column":39}},{"start":{"line":108,"column":43},"end":{"line":108,"column":71}}]},"32":{"loc":{"start":{"line":108,"column":17},"end":{"line":108,"column":39}},"type":"cond-expr","locations":[{"start":{"line":108,"column":30},"end":{"line":108,"column":32}},{"start":{"line":108,"column":30},"end":{"line":108,"column":39}}]},"33":{"loc":{"start":{"line":108,"column":17},"end":{"line":108,"column":32}},"type":"binary-expr","locations":[{"start":{"line":108,"column":17},"end":{"line":108,"column":32}},{"start":{"line":108,"column":30},"end":{"line":108,"column":32}}]},"34":{"loc":{"start":{"line":114,"column":6},"end":{"line":114,"column":75}},"type":"binary-expr","locations":[{"start":{"line":114,"column":6},"end":{"line":114,"column":34}},{"start":{"line":114,"column":38},"end":{"line":114,"column":49}},{"start":{"line":114,"column":53},"end":{"line":114,"column":75}}]},"35":{"loc":{"start":{"line":114,"column":6},"end":{"line":114,"column":34}},"type":"cond-expr","locations":[{"start":{"line":114,"column":25},"end":{"line":114,"column":27}},{"start":{"line":114,"column":25},"end":{"line":114,"column":34}}]},"36":{"loc":{"start":{"line":114,"column":6},"end":{"line":114,"column":27}},"type":"binary-expr","locations":[{"start":{"line":114,"column":6},"end":{"line":114,"column":27}},{"start":{"line":114,"column":25},"end":{"line":114,"column":27}}]},"37":{"loc":{"start":{"line":114,"column":6},"end":{"line":114,"column":25}},"type":"cond-expr","locations":[{"start":{"line":114,"column":19},"end":{"line":114,"column":21}},{"start":{"line":114,"column":19},"end":{"line":114,"column":25}}]},"38":{"loc":{"start":{"line":114,"column":6},"end":{"line":114,"column":21}},"type":"binary-expr","locations":[{"start":{"line":114,"column":6},"end":{"line":114,"column":21}},{"start":{"line":114,"column":19},"end":{"line":114,"column":21}}]},"39":{"loc":{"start":{"line":114,"column":6},"end":{"line":114,"column":19}},"type":"cond-expr","locations":[{"start":{"line":114,"column":9},"end":{"line":114,"column":11}},{"start":{"line":114,"column":6},"end":{"line":114,"column":19}}]},"40":{"loc":{"start":{"line":114,"column":6},"end":{"line":114,"column":11}},"type":"binary-expr","locations":[{"start":{"line":114,"column":6},"end":{"line":114,"column":11}},{"start":{"line":114,"column":6},"end":{"line":114,"column":11}}]}},"s":{"0":0,"1":0,"2":0,"3":0,"4":0,"5":0,"6":0,"7":0,"8":0,"9":0,"10":0,"11":0,"12":0,"13":0,"14":0,"15":0,"16":0,"17":0,"18":0,"19":0,"20":0,"21":0,"22":0,"23":0,"24":0,"25":0,"26":0,"27":0,"28":0,"29":0,"30":0,"31":0,"32":0,"33":0,"34":0},"f":{"0":0,"1":0,"2":0,"3":0,"4":0,"5":0},"b":{"0":[0,0],"1":[0,0],"2":[0,0],"3":[0,0],"4":[0,0],"5":[0,0],"6":[0,0,0],"7":[0,0],"8":[0,0],"9":[0,0],"10":[0,0],"11":[0,0],"12":[0,0],"13":[0,0],"14":[0,0],"15":[0,0],"16":[0,0],"17":[0,0],"18":[0,0],"19":[0,0],"20":[0,0],"21":[0,0,0],"22":[0,0],"23":[0,0],"24":[0,0],"25":[0,0],"26":[0,0],"27":[0,0],"28":[0,0],"29":[0,0],"30":[0,0],"31":[0,0],"32":[0,0],"33":[0,0],"34":[0,0,0],"35":[0,0],"36":[0,0],"37":[0,0],"38":[0,0],"39":[0,0],"40":[0,0]}}
,"/Users/chuaa/Desktop/NFR/peerprep-g03/frontend/app/styles/theme.ts": {"path":"/Users/chuaa/Desktop/NFR/peerprep-g03/frontend/app/styles/theme.ts","statementMap":{"0":{"start":{"line":1,"column":13},"end":{"line":8,"column":2}}},"fnMap":{},"branchMap":{},"s":{"0":0},"f":{},"b":{}}
,"/Users/chuaa/Desktop/NFR/peerprep-g03/frontend/app/utils/auth-utils.ts": {"path":"/Users/chuaa/Desktop/NFR/peerprep-g03/frontend/app/utils/auth-utils.ts","statementMap":{"0":{"start":{"line":1,"column":0},"end":{"line":1,"column":39}},"1":{"start":{"line":4,"column":18},"end":{"line":4,"column":25}},"2":{"start":{"line":9,"column":25},"end":{"line":11,"column":1}},"3":{"start":{"line":10,"column":2},"end":{"line":10,"column":41}},"4":{"start":{"line":9,"column":13},"end":{"line":9,"column":25}},"5":{"start":{"line":16,"column":24},"end":{"line":18,"column":1}},"6":{"start":{"line":17,"column":2},"end":{"line":17,"column":41}},"7":{"start":{"line":16,"column":13},"end":{"line":16,"column":24}},"8":{"start":{"line":23,"column":27},"end":{"line":25,"column":1}},"9":{"start":{"line":24,"column":2},"end":{"line":24,"column":37}},"10":{"start":{"line":23,"column":13},"end":{"line":23,"column":27}},"11":{"start":{"line":30,"column":31},"end":{"line":32,"column":1}},"12":{"start":{"line":31,"column":2},"end":{"line":31,"column":22}},"13":{"start":{"line":30,"column":13},"end":{"line":30,"column":31}},"14":{"start":{"line":37,"column":30},"end":{"line":44,"column":1}},"15":{"start":{"line":38,"column":2},"end":{"line":43,"column":3}},"16":{"start":{"line":39,"column":20},"end":{"line":39,"column":49}},"17":{"start":{"line":40,"column":4},"end":{"line":40,"column":43}},"18":{"start":{"line":42,"column":4},"end":{"line":42,"column":16}},"19":{"start":{"line":37,"column":13},"end":{"line":37,"column":30}},"20":{"start":{"line":49,"column":34},"end":{"line":59,"column":1}},"21":{"start":{"line":50,"column":16},"end":{"line":50,"column":26}},"22":{"start":{"line":51,"column":2},"end":{"line":51,"column":26}},"23":{"start":{"line":51,"column":14},"end":{"line":51,"column":26}},"24":{"start":{"line":53,"column":2},"end":{"line":58,"column":3}},"25":{"start":{"line":54,"column":20},"end":{"line":54,"column":49}},"26":{"start":{"line":55,"column":4},"end":{"line":55,"column":22}},"27":{"start":{"line":57,"column":4},"end":{"line":57,"column":16}},"28":{"start":{"line":49,"column":13},"end":{"line":49,"column":34}}},"fnMap":{"0":{"name":"(anonymous_0)","decl":{"start":{"line":9,"column":25},"end":{"line":9,"column":26}},"loc":{"start":{"line":9,"column":39},"end":{"line":11,"column":1}}},"1":{"name":"(anonymous_1)","decl":{"start":{"line":16,"column":24},"end":{"line":16,"column":null}},"loc":{"start":{"line":16,"column":24},"end":{"line":18,"column":1}}},"2":{"name":"(anonymous_2)","decl":{"start":{"line":23,"column":27},"end":{"line":23,"column":null}},"loc":{"start":{"line":23,"column":27},"end":{"line":25,"column":1}}},"3":{"name":"(anonymous_3)","decl":{"start":{"line":30,"column":31},"end":{"line":30,"column":null}},"loc":{"start":{"line":30,"column":31},"end":{"line":32,"column":1}}},"4":{"name":"(anonymous_4)","decl":{"start":{"line":37,"column":30},"end":{"line":37,"column":31}},"loc":{"start":{"line":37,"column":44},"end":{"line":44,"column":1}}},"5":{"name":"(anonymous_5)","decl":{"start":{"line":49,"column":34},"end":{"line":49,"column":null}},"loc":{"start":{"line":49,"column":34},"end":{"line":59,"column":1}}}},"branchMap":{"0":{"loc":{"start":{"line":51,"column":2},"end":{"line":51,"column":26}},"type":"if","locations":[{"start":{"line":51,"column":2},"end":{"line":51,"column":26}}]}},"s":{"0":0,"1":0,"2":0,"3":0,"4":0,"5":0,"6":0,"7":0,"8":0,"9":0,"10":0,"11":0,"12":0,"13":0,"14":0,"15":0,"16":0,"17":0,"18":0,"19":0,"20":0,"21":0,"22":0,"23":0,"24":0,"25":0,"26":0,"27":0,"28":0},"f":{"0":0,"1":0,"2":0,"3":0,"4":0,"5":0},"b":{"0":[0]}}
,"/Users/chuaa/Desktop/NFR/peerprep-g03/frontend/app/utils/question-table-filters.ts": {"path":"/Users/chuaa/Desktop/NFR/peerprep-g03/frontend/app/utils/question-table-filters.ts","statementMap":{"0":{"start":{"line":6,"column":36},"end":{"line":6,"column":null}},"1":{"start":{"line":6,"column":42},"end":{"line":10,"column":2}},"2":{"start":{"line":6,"column":13},"end":{"line":6,"column":36}},"3":{"start":{"line":15,"column":34},"end":{"line":27,"column":1}},"4":{"start":{"line":16,"column":22},"end":{"line":16,"column":39}},"5":{"start":{"line":18,"column":2},"end":{"line":22,"column":5}},"6":{"start":{"line":19,"column":4},"end":{"line":21,"column":5}},"7":{"start":{"line":20,"column":6},"end":{"line":20,"column":null}},"8":{"start":{"line":20,"column":41},"end":{"line":20,"column":67}},"9":{"start":{"line":23,"column":2},"end":{"line":26,"column":6}},"10":{"start":{"line":23,"column":51},"end":{"line":26,"column":5}},"11":{"start":{"line":15,"column":13},"end":{"line":15,"column":34}}},"fnMap":{"0":{"name":"(anonymous_0)","decl":{"start":{"line":6,"column":36},"end":{"line":6,"column":42}},"loc":{"start":{"line":6,"column":36},"end":{"line":6,"column":null}}},"1":{"name":"(anonymous_1)","decl":{"start":{"line":15,"column":34},"end":{"line":15,"column":35}},"loc":{"start":{"line":15,"column":56},"end":{"line":27,"column":1}}},"2":{"name":"(anonymous_2)","decl":{"start":{"line":18,"column":20},"end":{"line":18,"column":21}},"loc":{"start":{"line":18,"column":22},"end":{"line":22,"column":3}}},"3":{"name":"(anonymous_3)","decl":{"start":{"line":20,"column":27},"end":{"line":20,"column":28}},"loc":{"start":{"line":20,"column":36},"end":{"line":20,"column":52}}},"4":{"name":"(anonymous_4)","decl":{"start":{"line":23,"column":37},"end":{"line":23,"column":38}},"loc":{"start":{"line":23,"column":46},"end":{"line":23,"column":52}}}},"branchMap":{"0":{"loc":{"start":{"line":19,"column":4},"end":{"line":21,"column":5}},"type":"if","locations":[{"start":{"line":19,"column":4},"end":{"line":21,"column":5}}]}},"s":{"0":0,"1":0,"2":0,"3":0,"4":0,"5":0,"6":0,"7":0,"8":0,"9":0,"10":0,"11":0},"f":{"0":0,"1":0,"2":0,"3":0,"4":0},"b":{"0":[0]}}
,"/Users/chuaa/Desktop/NFR/peerprep-g03/frontend/app/utils/question-table-tags.tsx": {"path":"/Users/chuaa/Desktop/NFR/peerprep-g03/frontend/app/utils/question-table-tags.tsx","statementMap":{"0":{"start":{"line":1,"column":0},"end":{"line":1,"column":27}},"1":{"start":{"line":6,"column":32},"end":{"line":17,"column":1}},"2":{"start":{"line":7,"column":2},"end":{"line":16,"column":3}},"3":{"start":{"line":9,"column":6},"end":{"line":9,"column":43}},"4":{"start":{"line":11,"column":6},"end":{"line":11,"column":46}},"5":{"start":{"line":13,"column":6},"end":{"line":13,"column":41}},"6":{"start":{"line":15,"column":6},"end":{"line":15,"column":37}},"7":{"start":{"line":6,"column":13},"end":{"line":6,"column":32}},"8":{"start":{"line":22,"column":31},"end":{"line":32,"column":1}},"9":{"start":{"line":23,"column":2},"end":{"line":31,"column":4}},"10":{"start":{"line":25,"column":36},"end":{"line":29,"column":8}},"11":{"start":{"line":22,"column":13},"end":{"line":22,"column":31}}},"fnMap":{"0":{"name":"(anonymous_0)","decl":{"start":{"line":6,"column":32},"end":{"line":6,"column":33}},"loc":{"start":{"line":6,"column":51},"end":{"line":17,"column":1}}},"1":{"name":"(anonymous_1)","decl":{"start":{"line":22,"column":31},"end":{"line":22,"column":32}},"loc":{"start":{"line":22,"column":52},"end":{"line":32,"column":1}}},"2":{"name":"(anonymous_2)","decl":{"start":{"line":25,"column":22},"end":{"line":25,"column":23}},"loc":{"start":{"line":25,"column":31},"end":{"line":25,"column":null}}}},"branchMap":{"0":{"loc":{"start":{"line":7,"column":2},"end":{"line":16,"column":3}},"type":"switch","locations":[{"start":{"line":8,"column":4},"end":{"line":9,"column":43}},{"start":{"line":10,"column":4},"end":{"line":11,"column":46}},{"start":{"line":12,"column":4},"end":{"line":13,"column":41}},{"start":{"line":14,"column":4},"end":{"line":15,"column":37}}]}},"s":{"0":0,"1":0,"2":0,"3":0,"4":0,"5":0,"6":0,"7":0,"8":0,"9":0,"10":0,"11":0},"f":{"0":0,"1":0,"2":0},"b":{"0":[0,0,0,0]}}
,"/Users/chuaa/Desktop/NFR/peerprep-g03/frontend/app/utils/question-utils.ts": {"path":"/Users/chuaa/Desktop/NFR/peerprep-g03/frontend/app/utils/question-utils.ts","statementMap":{"0":{"start":{"line":6,"column":0},"end":{"line":6,"column":16}},"1":{"start":{"line":7,"column":2},"end":{"line":7,"column":69}},"2":{"start":{"line":7,"column":53},"end":{"line":7,"column":66}}},"fnMap":{"0":{"name":"extractCategories","decl":{"start":{"line":6,"column":16},"end":{"line":6,"column":33}},"loc":{"start":{"line":6,"column":55},"end":{"line":8,"column":1}}},"1":{"name":"(anonymous_1)","decl":{"start":{"line":7,"column":46},"end":{"line":7,"column":47}},"loc":{"start":{"line":7,"column":48},"end":{"line":7,"column":54}}}},"branchMap":{},"s":{"0":0,"1":0,"2":0},"f":{"0":0,"1":0},"b":{}}
}
