TN:
SF:app/config.ts
FNF:0
FNH:0
DA:1,1
DA:2,1
DA:4,1
LF:3
LH:3
BRF:0
BRH:0
end_of_record
TN:
SF:app/constant.ts
FNF:0
FNH:0
DA:1,0
DA:3,0
LF:2
LH:0
BRF:0
BRH:0
end_of_record
TN:
SF:app/routes.ts
FNF:0
FNH:0
DA:1,0
DA:3,0
LF:2
LH:0
BRF:0
BRH:0
end_of_record
TN:
SF:app/components/common/ProtectedRoute.tsx
FN:5,ProtectedRoute
FNF:1
FNH:0
FNDA:0,ProtectedRoute
DA:1,0
DA:3,0
DA:4,0
DA:5,0
DA:6,0
DA:10,0
DA:12,0
DA:13,0
DA:29,0
LF:9
LH:0
BRDA:12,0,0,0
BRDA:29,1,0,0
BRDA:29,1,1,0
BRF:3
BRH:0
end_of_record
TN:
SF:app/components/common/navigation/NavigationBar.tsx
FN:11,NavigationBar
FN:20,(anonymous_2)
FN:25,(anonymous_3)
FN:59,(anonymous_4)
FN:63,(anonymous_5)
FNF:5
FNH:0
FNDA:0,NavigationBar
FNDA:0,(anonymous_2)
FNDA:0,(anonymous_3)
FNDA:0,(anonymous_4)
FNDA:0,(anonymous_5)
DA:1,0
DA:2,0
DA:3,0
DA:4,0
DA:5,0
DA:6,0
DA:8,0
DA:9,0
DA:11,0
DA:12,0
DA:13,0
DA:14,0
DA:16,0
DA:18,0
DA:20,0
DA:21,0
DA:22,0
DA:25,0
DA:26,0
DA:29,0
DA:60,0
DA:64,0
LF:22
LH:0
BRDA:18,0,0,0
BRDA:18,0,1,0
BRDA:42,1,0,0
BRDA:42,1,1,0
BRDA:45,2,0,0
BRDA:45,2,1,0
BRF:6
BRH:0
end_of_record
TN:
SF:app/components/common/navigation/NavigationMenu.tsx
FN:10,NavigationMenu
FNF:1
FNH:0
FNDA:0,NavigationMenu
DA:1,0
DA:2,0
DA:4,0
DA:10,0
DA:11,0
LF:5
LH:0
BRF:0
BRH:0
end_of_record
TN:
SF:app/components/questions/QuestionModal.tsx
FN:16,QuestionModal
FN:25,(anonymous_3)
FN:33,(anonymous_4)
FN:34,(anonymous_5)
FN:81,(anonymous_6)
FNF:5
FNH:0
FNDA:0,QuestionModal
FNDA:0,(anonymous_3)
FNDA:0,(anonymous_4)
FNDA:0,(anonymous_5)
FNDA:0,(anonymous_6)
DA:1,0
DA:2,0
DA:6,0
DA:16,0
DA:17,0
DA:18,0
DA:19,0
DA:20,0
DA:21,0
DA:23,0
DA:25,0
DA:26,0
DA:27,0
DA:28,0
DA:29,0
DA:33,0
DA:34,0
DA:35,0
DA:36,0
DA:40,0
DA:81,0
LF:21
LH:0
BRDA:26,0,0,0
BRDA:26,0,1,0
BRDA:28,1,0,0
BRDA:35,2,0,0
BRDA:35,2,1,0
BRDA:42,3,0,0
BRDA:42,3,1,0
BRDA:50,4,0,0
BRDA:50,4,1,0
BRF:9
BRH:0
end_of_record
TN:
SF:app/components/questions/QuestionTable.tsx
FN:27,QuestionTable
FN:52,(anonymous_2)
FN:54,(anonymous_3)
FN:62,(anonymous_4)
FN:64,(anonymous_5)
FN:68,(anonymous_6)
FN:73,(anonymous_7)
FN:91,(anonymous_8)
FNF:8
FNH:0
FNDA:0,QuestionTable
FNDA:0,(anonymous_2)
FNDA:0,(anonymous_3)
FNDA:0,(anonymous_4)
FNDA:0,(anonymous_5)
FNDA:0,(anonymous_6)
FNDA:0,(anonymous_7)
FNDA:0,(anonymous_8)
DA:2,0
DA:6,0
DA:8,0
DA:12,0
DA:16,0
DA:27,0
DA:28,0
DA:29,0
DA:30,0
DA:31,0
DA:32,0
DA:33,0
DA:35,0
DA:53,0
DA:54,0
DA:63,0
DA:65,0
DA:68,0
DA:73,0
DA:84,0
DA:91,0
LF:21
LH:0
BRF:0
BRH:0
end_of_record
TN:
SF:app/components/questions/QuestionTableActions.tsx
FN:13,QuestionTableActions
FN:21,(anonymous_1)
FN:22,(anonymous_2)
FNF:3
FNH:0
FNDA:0,QuestionTableActions
FNDA:0,(anonymous_1)
FNDA:0,(anonymous_2)
DA:1,0
DA:2,0
DA:13,0
DA:14,0
DA:15,0
DA:16,0
DA:17,0
DA:19,0
DA:21,0
DA:22,0
LF:10
LH:0
BRF:0
BRH:0
end_of_record
TN:
SF:app/components/questions/QuestionTableHeader.tsx
FN:10,QuestionTableHeader
FN:22,(anonymous_1)
FNF:2
FNH:0
FNDA:0,QuestionTableHeader
FNDA:0,(anonymous_1)
DA:1,0
DA:10,0
DA:11,0
DA:12,0
DA:13,0
DA:14,0
DA:16,0
DA:22,0
LF:8
LH:0
BRF:0
BRH:0
end_of_record
TN:
SF:app/contexts/AuthContext.tsx
FN:16,(anonymous_13)
FN:21,(anonymous_14)
FN:37,(anonymous_15)
FN:38,(anonymous_16)
FN:45,(anonymous_17)
FN:48,(anonymous_18)
FN:51,(anonymous_19)
FN:64,(anonymous_21)
FN:85,(anonymous_22)
FNF:9
FNH:0
FNDA:0,(anonymous_13)
FNDA:0,(anonymous_14)
FNDA:0,(anonymous_15)
FNDA:0,(anonymous_16)
FNDA:0,(anonymous_17)
FNDA:0,(anonymous_18)
FNDA:0,(anonymous_19)
FNDA:0,(anonymous_21)
FNDA:0,(anonymous_22)
DA:1,0
DA:2,0
DA:3,0
DA:4,0
DA:7,0
DA:14,0
DA:16,0
DA:17,0
DA:18,0
DA:19,0
DA:21,0
DA:22,0
DA:23,0
DA:24,0
DA:25,0
DA:26,0
DA:27,0
DA:28,0
DA:30,0
DA:31,0
DA:32,0
DA:34,0
DA:37,0
DA:38,0
DA:39,0
DA:40,0
DA:41,0
DA:42,0
DA:45,0
DA:48,0
DA:51,0
DA:52,0
DA:53,0
DA:54,0
DA:56,0
DA:57,0
DA:58,0
DA:59,0
DA:61,0
DA:64,0
DA:65,0
DA:66,0
DA:67,0
DA:70,0
DA:85,0
DA:86,0
DA:87,0
DA:88,0
LF:48
LH:0
BRDA:24,0,0,0
BRDA:24,0,1,0
BRDA:24,1,0,0
BRDA:24,1,1,0
BRDA:40,2,0,0
BRDA:40,3,0,0
BRDA:40,3,1,0
BRDA:52,4,0,0
BRDA:53,5,0,0
BRDA:53,6,0,0
BRDA:53,6,1,0
BRDA:53,7,0,0
BRDA:53,7,1,0
BRDA:53,8,0,0
BRDA:53,8,1,0
BRDA:87,9,0,0
BRF:16
BRH:0
end_of_record
TN:
SF:app/layouts/MainLayout.tsx
FN:8,MainLayout
FNF:1
FNH:0
FNDA:0,MainLayout
DA:1,0
DA:2,0
DA:3,0
DA:4,0
DA:6,0
DA:8,0
DA:9,0
LF:7
LH:0
BRF:0
BRH:0
end_of_record
TN:
SF:app/pages/CollabContent.tsx
FN:11,CollabContent
FN:24,(anonymous_1)
FN:26,(anonymous_2)
FN:33,(anonymous_3)
FN:38,(anonymous_4)
FN:43,(anonymous_5)
FN:46,(anonymous_6)
FN:50,(anonymous_7)
FN:57,(anonymous_8)
FN:59,(anonymous_9)
FN:67,(anonymous_10)
FN:69,(anonymous_11)
FN:74,(anonymous_12)
FN:77,(anonymous_13)
FN:85,(anonymous_14)
FN:91,(anonymous_15)
FN:99,(anonymous_16)
FN:109,(anonymous_17)
FN:112,(anonymous_18)
FNF:19
FNH:0
FNDA:0,CollabContent
FNDA:0,(anonymous_1)
FNDA:0,(anonymous_2)
FNDA:0,(anonymous_3)
FNDA:0,(anonymous_4)
FNDA:0,(anonymous_5)
FNDA:0,(anonymous_6)
FNDA:0,(anonymous_7)
FNDA:0,(anonymous_8)
FNDA:0,(anonymous_9)
FNDA:0,(anonymous_10)
FNDA:0,(anonymous_11)
FNDA:0,(anonymous_12)
FNDA:0,(anonymous_13)
FNDA:0,(anonymous_14)
FNDA:0,(anonymous_15)
FNDA:0,(anonymous_16)
FNDA:0,(anonymous_17)
FNDA:0,(anonymous_18)
DA:2,0
DA:3,0
DA:4,0
DA:5,0
DA:9,0
DA:11,0
DA:13,0
DA:14,0
DA:15,0
DA:18,0
DA:19,0
DA:20,0
DA:21,0
DA:23,0
DA:24,0
DA:25,0
DA:26,0
DA:27,0
DA:28,0
DA:31,0
DA:33,0
DA:34,0
DA:38,0
DA:39,0
DA:40,0
DA:43,0
DA:44,0
DA:46,0
DA:47,0
DA:50,0
DA:51,0
DA:57,0
DA:58,0
DA:59,0
DA:60,0
DA:62,0
DA:67,0
DA:68,0
DA:69,0
DA:70,0
DA:74,0
DA:75,0
DA:77,0
DA:78,0
DA:79,0
DA:83,0
DA:85,0
DA:86,0
DA:91,0
DA:92,0
DA:94,0
DA:95,0
DA:99,0
DA:100,0
DA:101,0
DA:104,0
DA:110,0
DA:111,0
DA:112,0
LF:59
LH:0
BRDA:19,0,0,0
BRDA:19,0,1,0
BRDA:19,1,0,0
BRDA:19,1,1,0
BRDA:39,2,0,0
BRDA:39,3,0,0
BRDA:39,3,1,0
BRDA:44,4,0,0
BRDA:58,5,0,0
BRDA:68,6,0,0
BRDA:75,7,0,0
BRDA:78,8,0,0
BRDA:92,9,0,0
BRDA:94,10,0,0
BRDA:100,11,0,0
BRF:15
BRH:0
end_of_record
TN:
SF:app/pages/HomeContent.tsx
FN:3,HomeContent
FNF:1
FNH:0
FNDA:0,HomeContent
DA:1,0
DA:3,0
DA:4,0
LF:3
LH:0
BRF:0
BRH:0
end_of_record
TN:
SF:app/pages/LoginContent.tsx
FN:9,(anonymous_13)
FN:14,(anonymous_14)
FN:14,(anonymous_15)
FNF:3
FNH:0
FNDA:0,(anonymous_13)
FNDA:0,(anonymous_14)
FNDA:0,(anonymous_15)
DA:1,0
DA:2,0
DA:3,0
DA:4,0
DA:5,0
DA:7,0
DA:9,0
DA:10,0
DA:11,0
DA:12,0
DA:14,0
DA:15,0
DA:16,0
DA:17,0
DA:19,0
DA:20,0
DA:21,0
DA:23,0
DA:27,0
DA:89,0
DA:124,0
LF:21
LH:0
BRDA:19,0,0,0
BRDA:19,0,1,0
BRDA:23,1,0,0
BRDA:23,1,1,0
BRF:4
BRH:0
end_of_record
TN:
SF:app/pages/MatchContent.tsx
FN:17,(anonymous_22)
FN:30,(anonymous_23)
FN:31,(anonymous_24)
FN:32,(anonymous_25)
FN:35,(anonymous_26)
FN:56,(anonymous_27)
FN:64,(anonymous_28)
FN:72,(anonymous_29)
FN:73,(anonymous_30)
FN:76,(anonymous_31)
FN:80,(anonymous_32)
FN:85,(anonymous_33)
FN:91,(anonymous_34)
FN:96,(anonymous_35)
FN:105,(anonymous_36)
FN:106,(anonymous_37)
FN:152,(anonymous_40)
FN:166,(anonymous_41)
FNF:18
FNH:0
FNDA:0,(anonymous_22)
FNDA:0,(anonymous_23)
FNDA:0,(anonymous_24)
FNDA:0,(anonymous_25)
FNDA:0,(anonymous_26)
FNDA:0,(anonymous_27)
FNDA:0,(anonymous_28)
FNDA:0,(anonymous_29)
FNDA:0,(anonymous_30)
FNDA:0,(anonymous_31)
FNDA:0,(anonymous_32)
FNDA:0,(anonymous_33)
FNDA:0,(anonymous_34)
FNDA:0,(anonymous_35)
FNDA:0,(anonymous_36)
FNDA:0,(anonymous_37)
FNDA:0,(anonymous_40)
FNDA:0,(anonymous_41)
DA:1,0
DA:2,0
DA:3,0
DA:4,0
DA:5,0
DA:6,0
DA:11,0
DA:14,0
DA:15,0
DA:17,0
DA:18,0
DA:19,0
DA:20,0
DA:23,0
DA:24,0
DA:25,0
DA:26,0
DA:28,0
DA:29,0
DA:30,0
DA:31,0
DA:32,0
DA:35,0
DA:36,0
DA:37,0
DA:40,0
DA:41,0
DA:44,0
DA:50,0
DA:51,0
DA:52,0
DA:53,0
DA:56,0
DA:57,0
DA:58,0
DA:59,0
DA:60,0
DA:64,0
DA:65,0
DA:67,0
DA:68,0
DA:69,0
DA:72,0
DA:73,0
DA:76,0
DA:80,0
DA:81,0
DA:83,0
DA:86,0
DA:87,0
DA:88,0
DA:89,0
DA:92,0
DA:93,0
DA:94,0
DA:97,0
DA:98,0
DA:99,0
DA:105,0
DA:106,0
DA:108,0
DA:109,0
DA:111,0
DA:112,0
DA:116,0
DA:119,0
DA:152,0
DA:166,0
DA:208,0
LF:69
LH:0
BRDA:36,0,0,0
BRDA:36,1,0,0
BRDA:36,1,1,0
BRDA:36,2,0,0
BRDA:36,2,1,0
BRDA:40,3,0,0
BRDA:57,4,0,0
BRDA:57,5,0,0
BRDA:57,5,1,0
BRDA:57,6,0,0
BRDA:57,6,1,0
BRDA:65,7,0,0
BRDA:65,8,0,0
BRDA:65,8,1,0
BRDA:67,9,0,0
BRDA:73,10,0,0
BRDA:73,10,1,0
BRDA:81,11,0,0
BRDA:92,12,0,0
BRDA:92,12,1,0
BRDA:173,13,0,0
BRDA:173,13,1,0
BRDA:179,14,0,0
BRDA:179,14,1,0
BRDA:179,14,2,0
BRDA:195,15,0,0
BRDA:195,15,1,0
BRF:27
BRH:0
end_of_record
TN:
SF:app/pages/QuestionContent.tsx
FN:16,QuestionContent
FN:33,(anonymous_18)
FN:37,(anonymous_19)
FN:51,(anonymous_22)
FN:56,(anonymous_23)
FN:61,(anonymous_24)
FN:61,(anonymous_25)
FN:71,(anonymous_27)
FN:90,(anonymous_28)
FN:90,(anonymous_29)
FN:94,(anonymous_31)
FN:105,(anonymous_32)
FN:111,(anonymous_33)
FN:115,(anonymous_34)
FN:118,(anonymous_35)
FN:140,(anonymous_36)
FNF:16
FNH:0
FNDA:0,QuestionContent
FNDA:0,(anonymous_18)
FNDA:0,(anonymous_19)
FNDA:0,(anonymous_22)
FNDA:0,(anonymous_23)
FNDA:0,(anonymous_24)
FNDA:0,(anonymous_25)
FNDA:0,(anonymous_27)
FNDA:0,(anonymous_28)
FNDA:0,(anonymous_29)
FNDA:0,(anonymous_31)
FNDA:0,(anonymous_32)
FNDA:0,(anonymous_33)
FNDA:0,(anonymous_34)
FNDA:0,(anonymous_35)
FNDA:0,(anonymous_36)
DA:2,0
DA:4,0
DA:5,0
DA:6,0
DA:7,0
DA:14,0
DA:16,0
DA:17,0
DA:18,0
DA:19,0
DA:22,0
DA:23,0
DA:24,0
DA:25,0
DA:26,0
DA:33,0
DA:34,0
DA:37,0
DA:38,0
DA:40,0
DA:41,0
DA:42,0
DA:43,0
DA:45,0
DA:47,0
DA:51,0
DA:52,0
DA:53,0
DA:56,0
DA:57,0
DA:58,0
DA:61,0
DA:62,0
DA:64,0
DA:65,0
DA:67,0
DA:71,0
DA:72,0
DA:76,0
DA:77,0
DA:79,0
DA:80,0
DA:81,0
DA:82,0
DA:84,0
DA:86,0
DA:90,0
DA:91,0
DA:93,0
DA:94,0
DA:95,0
DA:96,0
DA:97,0
DA:99,0
DA:101,0
DA:105,0
DA:106,0
DA:107,0
DA:108,0
DA:111,0
DA:112,0
DA:114,0
DA:115,0
DA:118,0
DA:119,0
DA:122,0
DA:140,0
LF:67
LH:0
BRDA:76,0,0,0
BRDA:65,1,0,0
BRDA:72,2,0,0
BRDA:72,2,1,0
BRDA:106,3,0,0
BRF:5
BRH:0
end_of_record
TN:
SF:app/pages/RegisterContent.tsx
FN:9,(anonymous_13)
FN:13,(anonymous_14)
FN:17,(anonymous_15)
FNF:3
FNH:1
FNDA:10,(anonymous_13)
FNDA:0,(anonymous_14)
FNDA:0,(anonymous_15)
DA:1,1
DA:2,1
DA:3,1
DA:4,1
DA:5,1
DA:7,2
DA:9,1
DA:10,10
DA:11,10
DA:13,10
DA:17,0
DA:18,0
DA:20,0
DA:21,0
DA:22,0
DA:23,0
DA:25,0
DA:28,0
DA:29,0
DA:31,0
DA:35,10
DA:118,1
DA:153,1
LF:23
LH:13
BRDA:21,0,0,0
BRDA:21,0,1,0
BRDA:25,1,0,0
BRDA:25,1,1,0
BRF:4
BRH:0
end_of_record
TN:
SF:app/routes/collab.tsx
FN:5,Collab
FNF:1
FNH:0
FNDA:0,Collab
DA:1,0
DA:2,0
DA:5,0
DA:6,0
LF:4
LH:0
BRF:0
BRH:0
end_of_record
TN:
SF:app/routes/home.tsx
FN:4,meta
FN:11,Home
FNF:2
FNH:0
FNDA:0,meta
FNDA:0,Home
DA:1,0
DA:2,0
DA:4,0
DA:5,0
DA:11,0
DA:12,0
LF:6
LH:0
BRF:0
BRH:0
end_of_record
TN:
SF:app/routes/login.tsx
FN:3,meta
FN:10,Login
FNF:2
FNH:0
FNDA:0,meta
FNDA:0,Login
DA:1,0
DA:3,0
DA:4,0
DA:10,0
DA:11,0
LF:5
LH:0
BRF:0
BRH:0
end_of_record
TN:
SF:app/routes/match.tsx
FN:4,meta
FN:11,Question
FNF:2
FNH:0
FNDA:0,meta
FNDA:0,Question
DA:1,0
DA:2,0
DA:4,0
DA:5,0
DA:11,0
DA:12,0
LF:6
LH:0
BRF:0
BRH:0
end_of_record
TN:
SF:app/routes/profile.tsx
FN:4,meta
FN:11,Question
FNF:2
FNH:0
FNDA:0,meta
FNDA:0,Question
DA:1,0
DA:2,0
DA:4,0
DA:5,0
DA:11,0
DA:12,0
LF:6
LH:0
BRF:0
BRH:0
end_of_record
TN:
SF:app/routes/question.tsx
FN:4,meta
FN:11,Question
FNF:2
FNH:0
FNDA:0,meta
FNDA:0,Question
DA:1,0
DA:2,0
DA:4,0
DA:5,0
DA:11,0
DA:12,0
LF:6
LH:0
BRF:0
BRH:0
end_of_record
TN:
SF:app/routes/register.tsx
FN:3,meta
FN:10,Login
FNF:2
FNH:0
FNDA:0,meta
FNDA:0,Login
DA:1,0
DA:3,0
DA:4,0
DA:10,0
DA:11,0
LF:5
LH:0
BRF:0
BRH:0
end_of_record
TN:
SF:app/services/auth-services.ts
FN:7,(anonymous_14)
FN:11,(anonymous_15)
FN:43,(anonymous_17)
FN:46,(anonymous_18)
FN:78,(anonymous_20)
FN:78,(anonymous_21)
FNF:6
FNH:0
FNDA:0,(anonymous_14)
FNDA:0,(anonymous_15)
FNDA:0,(anonymous_17)
FNDA:0,(anonymous_18)
FNDA:0,(anonymous_20)
FNDA:0,(anonymous_21)
DA:1,1
DA:2,1
DA:7,1
DA:11,0
DA:13,0
DA:18,0
DA:19,0
DA:25,0
DA:32,0
DA:33,0
DA:36,0
DA:43,1
DA:46,0
DA:48,0
DA:53,0
DA:54,0
DA:60,0
DA:67,0
DA:68,0
DA:71,0
DA:78,1
DA:79,0
DA:84,0
LF:23
LH:5
BRDA:18,0,0,0
BRDA:18,0,1,0
BRDA:18,1,0,0
BRDA:18,1,1,0
BRDA:18,2,0,0
BRDA:18,2,1,0
BRDA:18,3,0,0
BRDA:18,3,1,0
BRDA:22,4,0,0
BRDA:22,4,1,0
BRDA:28,5,0,0
BRDA:28,5,1,0
BRDA:28,6,0,0
BRDA:28,6,1,0
BRDA:28,7,0,0
BRDA:28,7,1,0
BRDA:34,8,0,0
BRDA:34,8,1,0
BRDA:34,8,2,0
BRDA:34,9,0,0
BRDA:34,9,1,0
BRDA:34,10,0,0
BRDA:34,10,1,0
BRDA:34,11,0,0
BRDA:34,11,1,0
BRDA:34,12,0,0
BRDA:34,12,1,0
BRDA:34,13,0,0
BRDA:34,13,1,0
BRDA:34,14,0,0
BRDA:34,14,1,0
BRDA:53,15,0,0
BRDA:53,15,1,0
BRDA:53,16,0,0
BRDA:53,16,1,0
BRDA:53,17,0,0
BRDA:53,17,1,0
BRDA:53,18,0,0
BRDA:53,18,1,0
BRDA:53,19,0,0
BRDA:53,19,1,0
BRDA:53,20,0,0
BRDA:53,20,1,0
BRDA:63,21,0,0
BRDA:63,21,1,0
BRDA:63,22,0,0
BRDA:63,22,1,0
BRDA:63,23,0,0
BRDA:63,23,1,0
BRDA:69,24,0,0
BRDA:69,24,1,0
BRDA:69,24,2,0
BRDA:69,25,0,0
BRDA:69,25,1,0
BRDA:69,26,0,0
BRDA:69,26,1,0
BRDA:69,27,0,0
BRDA:69,27,1,0
BRDA:69,28,0,0
BRDA:69,28,1,0
BRDA:69,29,0,0
BRDA:69,29,1,0
BRDA:69,30,0,0
BRDA:69,30,1,0
BRDA:79,31,0,0
BRF:65
BRH:0
end_of_record
TN:
SF:app/services/match-services.ts
FN:11,(anonymous_0)
FN:28,(anonymous_1)
FN:31,(anonymous_2)
FNF:3
FNH:0
FNDA:0,(anonymous_0)
FNDA:0,(anonymous_1)
FNDA:0,(anonymous_2)
DA:1,0
DA:11,0
DA:12,0
DA:13,0
DA:14,0
DA:19,0
DA:28,0
DA:29,0
DA:31,0
DA:32,0
DA:33,0
DA:34,0
DA:35,0
DA:37,0
DA:39,0
DA:40,0
DA:42,0
DA:43,0
DA:45,0
DA:46,0
DA:48,0
LF:21
LH:0
BRDA:37,0,0,0
BRDA:37,0,1,0
BRDA:37,0,2,0
BRDA:37,0,3,0
BRDA:39,1,0,0
BRDA:39,1,1,0
BRDA:39,2,0,0
BRDA:39,2,1,0
BRDA:39,3,0,0
BRDA:39,3,1,0
BRF:10
BRH:0
end_of_record
TN:
SF:app/services/question-services.ts
FN:8,(anonymous_14)
FN:16,(anonymous_17)
FN:16,(anonymous_18)
FN:26,(anonymous_20)
FN:30,(anonymous_23)
FN:31,(anonymous_24)
FN:40,(anonymous_25)
FN:40,(anonymous_26)
FN:51,(anonymous_28)
FN:53,(anonymous_29)
FN:65,(anonymous_31)
FN:65,(anonymous_32)
FNF:12
FNH:0
FNDA:0,(anonymous_14)
FNDA:0,(anonymous_17)
FNDA:0,(anonymous_18)
FNDA:0,(anonymous_20)
FNDA:0,(anonymous_23)
FNDA:0,(anonymous_24)
FNDA:0,(anonymous_25)
FNDA:0,(anonymous_26)
FNDA:0,(anonymous_28)
FNDA:0,(anonymous_29)
FNDA:0,(anonymous_31)
FNDA:0,(anonymous_32)
DA:1,0
DA:2,0
DA:8,0
DA:9,0
DA:10,0
DA:16,0
DA:17,0
DA:20,0
DA:26,0
DA:27,0
DA:28,0
DA:30,0
DA:31,0
DA:34,0
DA:40,0
DA:41,0
DA:45,0
DA:51,0
DA:53,0
DA:55,0
DA:59,0
DA:65,0
DA:66,0
LF:23
LH:0
BRDA:9,0,0,0
BRDA:17,1,0,0
BRDA:27,2,0,0
BRDA:41,3,0,0
BRDA:55,4,0,0
BRDA:66,5,0,0
BRF:6
BRH:0
end_of_record
TN:
SF:app/services/user-services.ts
FN:8,(anonymous_14)
FN:8,(anonymous_15)
FN:42,(anonymous_17)
FN:49,(anonymous_18)
FN:90,(anonymous_20)
FN:90,(anonymous_21)
FNF:6
FNH:0
FNDA:0,(anonymous_14)
FNDA:0,(anonymous_15)
FNDA:0,(anonymous_17)
FNDA:0,(anonymous_18)
FNDA:0,(anonymous_20)
FNDA:0,(anonymous_21)
DA:1,0
DA:2,0
DA:8,0
DA:10,0
DA:16,0
DA:17,0
DA:23,0
DA:30,0
DA:31,0
DA:34,0
DA:42,0
DA:49,0
DA:52,0
DA:62,0
DA:63,0
DA:71,0
DA:78,0
DA:79,0
DA:82,0
DA:90,0
DA:92,0
DA:98,0
DA:99,0
DA:105,0
DA:112,0
DA:113,0
DA:116,0
LF:27
LH:0
BRDA:16,0,0,0
BRDA:16,0,1,0
BRDA:16,1,0,0
BRDA:16,1,1,0
BRDA:20,2,0,0
BRDA:20,2,1,0
BRDA:26,3,0,0
BRDA:26,3,1,0
BRDA:26,4,0,0
BRDA:26,4,1,0
BRDA:26,5,0,0
BRDA:26,5,1,0
BRDA:32,6,0,0
BRDA:32,6,1,0
BRDA:32,6,2,0
BRDA:32,7,0,0
BRDA:32,7,1,0
BRDA:32,8,0,0
BRDA:32,8,1,0
BRDA:32,9,0,0
BRDA:32,9,1,0
BRDA:32,10,0,0
BRDA:32,10,1,0
BRDA:32,11,0,0
BRDA:32,11,1,0
BRDA:32,12,0,0
BRDA:32,12,1,0
BRDA:62,13,0,0
BRDA:62,13,1,0
BRDA:62,14,0,0
BRDA:62,14,1,0
BRDA:62,15,0,0
BRDA:62,15,1,0
BRDA:62,16,0,0
BRDA:62,16,1,0
BRDA:67,17,0,0
BRDA:67,17,1,0
BRDA:74,18,0,0
BRDA:74,18,1,0
BRDA:74,19,0,0
BRDA:74,19,1,0
BRDA:74,20,0,0
BRDA:74,20,1,0
BRDA:80,21,0,0
BRDA:80,21,1,0
BRDA:80,21,2,0
BRDA:80,22,0,0
BRDA:80,22,1,0
BRDA:80,23,0,0
BRDA:80,23,1,0
BRDA:80,24,0,0
BRDA:80,24,1,0
BRDA:80,25,0,0
BRDA:80,25,1,0
BRDA:80,26,0,0
BRDA:80,26,1,0
BRDA:80,27,0,0
BRDA:80,27,1,0
BRDA:98,28,0,0
BRDA:98,28,1,0
BRDA:98,29,0,0
BRDA:98,29,1,0
BRDA:102,30,0,0
BRDA:102,30,1,0
BRDA:108,31,0,0
BRDA:108,31,1,0
BRDA:108,32,0,0
BRDA:108,32,1,0
BRDA:108,33,0,0
BRDA:108,33,1,0
BRDA:114,34,0,0
BRDA:114,34,1,0
BRDA:114,34,2,0
BRDA:114,35,0,0
BRDA:114,35,1,0
BRDA:114,36,0,0
BRDA:114,36,1,0
BRDA:114,37,0,0
BRDA:114,37,1,0
BRDA:114,38,0,0
BRDA:114,38,1,0
BRDA:114,39,0,0
BRDA:114,39,1,0
BRDA:114,40,0,0
BRDA:114,40,1,0
BRF:85
BRH:0
end_of_record
TN:
SF:app/styles/theme.ts
FNF:0
FNH:0
DA:1,0
LF:1
LH:0
BRF:0
BRH:0
end_of_record
TN:
SF:app/utils/auth-utils.ts
FN:9,(anonymous_0)
FN:16,(anonymous_1)
FN:23,(anonymous_2)
FN:30,(anonymous_3)
FN:37,(anonymous_4)
FN:49,(anonymous_5)
FNF:6
FNH:0
FNDA:0,(anonymous_0)
FNDA:0,(anonymous_1)
FNDA:0,(anonymous_2)
FNDA:0,(anonymous_3)
FNDA:0,(anonymous_4)
FNDA:0,(anonymous_5)
DA:1,0
DA:4,0
DA:9,0
DA:10,0
DA:16,0
DA:17,0
DA:23,0
DA:24,0
DA:30,0
DA:31,0
DA:37,0
DA:38,0
DA:39,0
DA:40,0
DA:42,0
DA:49,0
DA:50,0
DA:51,0
DA:53,0
DA:54,0
DA:55,0
DA:57,0
LF:22
LH:0
BRDA:51,0,0,0
BRF:1
BRH:0
end_of_record
TN:
SF:app/utils/question-table-filters.ts
FN:6,(anonymous_0)
FN:15,(anonymous_1)
FN:18,(anonymous_2)
FN:20,(anonymous_3)
FN:23,(anonymous_4)
FNF:5
FNH:0
FNDA:0,(anonymous_0)
FNDA:0,(anonymous_1)
FNDA:0,(anonymous_2)
FNDA:0,(anonymous_3)
FNDA:0,(anonymous_4)
DA:6,0
DA:15,0
DA:16,0
DA:18,0
DA:19,0
DA:20,0
DA:23,0
LF:7
LH:0
BRDA:19,0,0,0
BRF:1
BRH:0
end_of_record
TN:
SF:app/utils/question-table-tags.tsx
FN:6,(anonymous_0)
FN:22,(anonymous_1)
FN:25,(anonymous_2)
FNF:3
FNH:0
FNDA:0,(anonymous_0)
FNDA:0,(anonymous_1)
FNDA:0,(anonymous_2)
DA:1,0
DA:6,0
DA:7,0
DA:9,0
DA:11,0
DA:13,0
DA:15,0
DA:22,0
DA:23,0
DA:25,0
LF:10
LH:0
BRDA:7,0,0,0
BRDA:7,0,1,0
BRDA:7,0,2,0
BRDA:7,0,3,0
BRF:4
BRH:0
end_of_record
TN:
SF:app/utils/question-utils.ts
FN:6,extractCategories
FN:7,(anonymous_1)
FNF:2
FNH:0
FNDA:0,extractCategories
FNDA:0,(anonymous_1)
DA:6,0
DA:7,0
LF:2
LH:0
BRF:0
BRH:0
end_of_record
